Record Nn' Sn' Vn' Fn' On'  Ns  Ss  Vs  Fs' Os' Nv  Sv   Vv  Fv' Ov' No' So' Vo' Fo'  Q Se   Q +P   V Se   V +P   S Se   S +P RR err
 100  1901   0   0   0   0   0   0   0   0   0   0   0    0   0   0   1   0   0   0  99.95 100.00      -      -      -      -   2.25
 101  1523   0   0   0   0   0   0   0   0   0   0   0    0   0   0   0   0   0   0 100.00 100.00      -      -      -      -   5.63
 103  1729   0   0   0   0   0   0   0   0   0   0   0    0   0   0   0   0   0   0 100.00 100.00      -      -      -      -   1.86
 105  2105   0   0   0  24   0   0   0   0   0   0   0    0   0   0  50   0   0   0  97.68  98.87      -      -      -      - 191.90
 106  1696   0   0   0   0   0   0   0   0   0   0   0    0   0   0   0   0   0   0 100.00 100.00      -      -      -      -   8.42
 108  1474   0   0   0   7   0   0   0   0   0   0   0    0   0   0   6   0   0   0  99.59  99.53      -      -      -      - 103.86
 109  2097   0   0   0   0   0   0   0   0   0   0   0    0   0   0   2   0   0   0  99.90 100.00      -      -      -      -  20.42
 111  1775   0   0   0   2   0   0   0   0   0   0   0    0   0   0   1   0   0   0  99.94  99.89      -      -      -      -  37.49
 112  2111   0   0   0   0   0   0   0   0   0   0   0    0   0   0   0   0   0   0 100.00 100.00      -      -      -      -   1.57
 113  1505   0   0   0   0   0   0   0   0   0   0   0    0   0   0   1   0   0   0  99.93 100.00      -      -      -      -   2.11
 114  1602   0   0   0   2   0   0   0   0   0   0   0    0   0   0   2   0   0   0  99.88  99.88      -      -      -      -  35.24
 115  1636   0   0   0   0   0   0   0   0   0   0   0    0   0   0   1   0   0   0  99.94 100.00      -      -      -      -   0.82
 116  1994   0   0   0   0   0   0   0   0   0   0   0    0   0   0  23   0   0   0  98.86 100.00      -      -      -      - 684.80
 117  1283   0   0   0   0   0   0   0   0   0   0   0    0   0   0   1   0   0   0  99.92 100.00      -      -      -      -   8.45
 118  1916   0   0   0   0   0   0   0   0   0   0   0    0   0   0   0   0   0   0 100.00 100.00      -      -      -      -   3.43
 119  1661   0   0   0   0   0   0   0   0   0   0   0    0   0   0   0   0   0   0 100.00 100.00      -      -      -      -   3.94
 121  1558   0   0   0   0   0   0   0   0   0   0   0    0   0   0   2   0   0   0  99.87 100.00      -      -      -      -  71.09
 122  2053   0   0   0   0   0   0   0   0   0   0   0    0   0   0   1   0   0   0  99.95 100.00      -      -      -      -   2.09
 123  1269   0   0   0   0   0   0   0   0   0   0   0    0   0   0   0   0   0   0 100.00 100.00      -      -      -      -   1.21
 124  1365   0   0   0   0   0   0   0   0   0   0   0    0   0   0   2   0   0   0  99.85 100.00      -      -      -      -  63.61
 200  2164   0   0   0   1   0   0   0   0   0   0   0    0   0   0   4   0   0   0  99.82  99.95      -      -      -      -  26.43
 201  1515   0   0   0   0   0   0   0   0   0   0   0    0   0   0   6   0   0   0  99.61 100.00      -      -      -      -  73.26
 202  1870   0   0   0   0   0   0   0   0   0   0   0    0   0   0   1   0   0   0  99.95 100.00      -      -      -      -  32.93
 203  2444   0   0   0   6   0   0   0   0   0   0   0    0   0   0  37   0   0   0  98.51  99.76      -      -      -      - 143.53
 205  2197   0   0   0   0   0   0   0   0   0   0   0    0   0   0   4   0   0   0  99.82 100.00      -      -      -      -  51.71
 207  1589   0   0   0  67   0   0   0   0   0   0   0    0   0   0   3   0   0   0  99.81  95.95      -      -      -      - 19806.97
 208  2419   0   0   0   1   0   0   0   0   0   0   0    0   0   0  18   0   0   0  99.26  99.96      -      -      -      - 302.42
 209  2519   0   0   0   1   0   0   0   0   0   0   0    0   0   0   0   0   0   0 100.00  99.96      -      -      -      -  10.50
 210  2197   0   0   0   2   0   0   0   0   0   0   0    0   0   0   7   0   0   0  99.68  99.91      -      -      -      -  58.84
 212  2284   0   0   0   0   0   0   0   0   0   0   0    0   0   0   1   0   0   0  99.96 100.00      -      -      -      -   1.75
 213  2698   0   0   0   0   0   0   0   0   0   0   0    0   0   0   2   0   0   0  99.93 100.00      -      -      -      -  18.27
 214  1878   0   0   0   0   0   0   0   0   0   0   0    0   0   0   1   0   0   0  99.95 100.00      -      -      -      -  48.33
 215  2795   0   0   0   0   0   0   0   0   0   0   0    0   0   0   0   0   0   0 100.00 100.00      -      -      -      -   1.17
 219  1773   0   0   0   0   0   0   0   0   0   0   0    0   0   0   0   0   0   0 100.00 100.00      -      -      -      -   4.10
 220  1693   0   0   0   0   0   0   0   0   0   0   0    0   0   0   1   0   0   0  99.94 100.00      -      -      -      -   1.25
 221  2019   0   0   0   0   0   0   0   0   0   0   0    0   0   0   1   0   0   0  99.95 100.00      -      -      -      -  26.33
 222  2106   0   0   0   3   0   0   0   0   0   0   0    0   0   0  10   0   0   0  99.53  99.86      -      -      -      -  53.82
 223  2197   0   0   0   0   0   0   0   0   0   0   0    0   0   0   2   0   0   0  99.91 100.00      -      -      -      -  50.98
 228  1686   0   0   0   8   0   0   0   0   0   0   0    0   0   0  17   0   0   0  99.00  99.53      -      -      -      - 170.21
 230  1859   0   0   0   0   0   0   0   0   0   0   0    0   0   0   0   0   0   0 100.00 100.00      -      -      -      -   1.09
 231  1278   0   0   0   0   0   0   0   0   0   0   0    0   0   0   0   0   0   0 100.00 100.00      -      -      -      -   2.47
 232  1485   0   0   0   7   0   0   0   0   0   0   0    0   0   0   0   0   0   0 100.00  99.53      -      -      -      -  76.67
 233  2559   0   0   0   0   0   0   0   0   0   0   0    0   0   0   2   0   0   0  99.92 100.00      -      -      -      -  17.70
 234  2291   0   0   0   0   0   0   0   0   0   0   0    0   0   0   0   0   0   0 100.00 100.00      -      -      -      -   2.05
 100  1901   0   0   0   0   0   0   0   0   0   0   0    0   0   0   1   0   0   0  99.95 100.00      -      -      -      -   2.25
 101  1523   0   0   0   0   0   0   0   0   0   0   0    0   0   0   0   0   0   0 100.00 100.00      -      -      -      -   5.63
 103  1729   0   0   0   0   0   0   0   0   0   0   0    0   0   0   0   0   0   0 100.00 100.00      -      -      -      -   1.86
 105  2105   0   0   0  24   0   0   0   0   0   0   0    0   0   0  50   0   0   0  97.68  98.87      -      -      -      - 191.90
 106  1696   0   0   0   0   0   0   0   0   0   0   0    0   0   0   0   0   0   0 100.00 100.00      -      -      -      -   8.42
 108  1474   0   0   0   7   0   0   0   0   0   0   0    0   0   0   6   0   0   0  99.59  99.53      -      -      -      - 103.86
 109  2097   0   0   0   0   0   0   0   0   0   0   0    0   0   0   2   0   0   0  99.90 100.00      -      -      -      -  20.42
 111  1775   0   0   0   2   0   0   0   0   0   0   0    0   0   0   1   0   0   0  99.94  99.89      -      -      -      -  37.49
 100  1901   0   0   0   0   0   0   0   0   0   0   0    0   0   0   1   0   0   0  99.95 100.00      -      -      -      -   2.25
 101  1523   0   0   0   0   0   0   0   0   0   0   0    0   0   0   0   0   0   0 100.00 100.00      -      -      -      -   5.63
 103  1729   0   0   0   0   0   0   0   0   0   0   0    0   0   0   0   0   0   0 100.00 100.00      -      -      -      -   1.86
 105  2105   0   0   0  24   0   0   0   0   0   0   0    0   0   0  50   0   0   0  97.68  98.87      -      -      -      - 191.90
 106  1696   0   0   0   0   0   0   0   0   0   0   0    0   0   0   0   0   0   0 100.00 100.00      -      -      -      -   8.42
 108  1474   0   0   0   7   0   0   0   0   0   0   0    0   0   0   6   0   0   0  99.59  99.53      -      -      -      - 103.86
 109  2097   0   0   0   0   0   0   0   0   0   0   0    0   0   0   2   0   0   0  99.90 100.00      -      -      -      -  20.42
 111  1775   0   0   0   2   0   0   0   0   0   0   0    0   0   0   1   0   0   0  99.94  99.89      -      -      -      -  37.49
 112  2111   0   0   0   0   0   0   0   0   0   0   0    0   0   0   0   0   0   0 100.00 100.00      -      -      -      -   1.57
 113  1505   0   0   0   0   0   0   0   0   0   0   0    0   0   0   1   0   0   0  99.93 100.00      -      -      -      -   2.11
 114  1602   0   0   0   2   0   0   0   0   0   0   0    0   0   0   2   0   0   0  99.88  99.88      -      -      -      -  35.24
 115  1636   0   0   0   0   0   0   0   0   0   0   0    0   0   0   1   0   0   0  99.94 100.00      -      -      -      -   0.82
 116  1994   0   0   0   0   0   0   0   0   0   0   0    0   0   0  23   0   0   0  98.86 100.00      -      -      -      - 684.80
 117  1283   0   0   0   0   0   0   0   0   0   0   0    0   0   0   1   0   0   0  99.92 100.00      -      -      -      -   8.45
 118  1916   0   0   0   0   0   0   0   0   0   0   0    0   0   0   0   0   0   0 100.00 100.00      -      -      -      -   3.43
 119  1661   0   0   0   0   0   0   0   0   0   0   0    0   0   0   0   0   0   0 100.00 100.00      -      -      -      -   3.94
 121  1558   0   0   0   0   0   0   0   0   0   0   0    0   0   0   2   0   0   0  99.87 100.00      -      -      -      -  71.09
 122  2053   0   0   0   0   0   0   0   0   0   0   0    0   0   0   1   0   0   0  99.95 100.00      -      -      -      -   2.09
 123  1269   0   0   0   0   0   0   0   0   0   0   0    0   0   0   0   0   0   0 100.00 100.00      -      -      -      -   1.21
 124  1365   0   0   0   0   0   0   0   0   0   0   0    0   0   0   2   0   0   0  99.85 100.00      -      -      -      -  63.61
 200  2164   0   0   0   1   0   0   0   0   0   0   0    0   0   0   4   0   0   0  99.82  99.95      -      -      -      -  26.43
 201  1515   0   0   0   0   0   0   0   0   0   0   0    0   0   0   6   0   0   0  99.61 100.00      -      -      -      -  73.26
 100  1901   0   0   0   0   0   0   0   0   0   0   0    0   0   0   1   0   0   0  99.95 100.00      -      -      -      -   2.25
 101  1523   0   0   0   0   0   0   0   0   0   0   0    0   0   0   0   0   0   0 100.00 100.00      -      -      -      -   5.63
 103  1729   0   0   0   0   0   0   0   0   0   0   0    0   0   0   0   0   0   0 100.00 100.00      -      -      -      -   1.86
 105  2105   0   0   0  24   0   0   0   0   0   0   0    0   0   0  50   0   0   0  97.68  98.87      -      -      -      - 191.90
 106  1696   0   0   0   0   0   0   0   0   0   0   0    0   0   0   0   0   0   0 100.00 100.00      -      -      -      -   8.42
 108  1474   0   0   0   7   0   0   0   0   0   0   0    0   0   0   6   0   0   0  99.59  99.53      -      -      -      - 103.86
 109  2097   0   0   0   0   0   0   0   0   0   0   0    0   0   0   2   0   0   0  99.90 100.00      -      -      -      -  20.42
 100  1901   0   0   0   0   0   0   0   0   0   0   0    0   0   0   1   0   0   0  99.95 100.00      -      -      -      -   2.25
 101  1523   0   0   0   0   0   0   0   0   0   0   0    0   0   0   0   0   0   0 100.00 100.00      -      -      -      -   5.63
 103  1729   0   0   0   0   0   0   0   0   0   0   0    0   0   0   0   0   0   0 100.00 100.00      -      -      -      -   1.86
 105  2105   0   0   0  24   0   0   0   0   0   0   0    0   0   0  50   0   0   0  97.68  98.87      -      -      -      - 191.90
 106  1696   0   0   0   0   0   0   0   0   0   0   0    0   0   0   0   0   0   0 100.00 100.00      -      -      -      -   8.42
 108  1474   0   0   0   7   0   0   0   0   0   0   0    0   0   0   6   0   0   0  99.59  99.53      -      -      -      - 103.86
 109  2097   0   0   0   0   0   0   0   0   0   0   0    0   0   0   2   0   0   0  99.90 100.00      -      -      -      -  20.42
 111  1775   0   0   0   2   0   0   0   0   0   0   0    0   0   0   1   0   0   0  99.94  99.89      -      -      -      -  37.49
 112  2111   0   0   0   0   0   0   0   0   0   0   0    0   0   0   0   0   0   0 100.00 100.00      -      -      -      -   1.57
 113  1505   0   0   0   0   0   0   0   0   0   0   0    0   0   0   1   0   0   0  99.93 100.00      -      -      -      -   2.11
 114  1602   0   0   0   2   0   0   0   0   0   0   0    0   0   0   2   0   0   0  99.88  99.88      -      -      -      -  35.24
 115  1636   0   0   0   0   0   0   0   0   0   0   0    0   0   0   1   0   0   0  99.94 100.00      -      -      -      -   0.82
 116  1994   0   0   0   0   0   0   0   0   0   0   0    0   0   0  23   0   0   0  98.86 100.00      -      -      -      - 684.80
 117  1283   0   0   0   0   0   0   0   0   0   0   0    0   0   0   1   0   0   0  99.92 100.00      -      -      -      -   8.45
 118  1916   0   0   0   0   0   0   0   0   0   0   0    0   0   0   0   0   0   0 100.00 100.00      -      -      -      -   3.43
 119  1661   0   0   0   0   0   0   0   0   0   0   0    0   0   0   0   0   0   0 100.00 100.00      -      -      -      -   3.94
 121  1558   0   0   0   0   0   0   0   0   0   0   0    0   0   0   2   0   0   0  99.87 100.00      -      -      -      -  71.09
 122  2053   0   0   0   0   0   0   0   0   0   0   0    0   0   0   1   0   0   0  99.95 100.00      -      -      -      -   2.09
 123  1269   0   0   0   0   0   0   0   0   0   0   0    0   0   0   0   0   0   0 100.00 100.00      -      -      -      -   1.21
 124  1365   0   0   0   0   0   0   0   0   0   0   0    0   0   0   2   0   0   0  99.85 100.00      -      -      -      -  63.61
 200  2164   0   0   0   1   0   0   0   0   0   0   0    0   0   0   4   0   0   0  99.82  99.95      -      -      -      -  26.43
 201  1515   0   0   0   0   0   0   0   0   0   0   0    0   0   0   6   0   0   0  99.61 100.00      -      -      -      -  73.26
 202  1870   0   0   0   0   0   0   0   0   0   0   0    0   0   0   1   0   0   0  99.95 100.00      -      -      -      -  32.93
 203  2444   0   0   0   6   0   0   0   0   0   0   0    0   0   0  37   0   0   0  98.51  99.76      -      -      -      - 143.53
 205  2197   0   0   0   0   0   0   0   0   0   0   0    0   0   0   4   0   0   0  99.82 100.00      -      -      -      -  51.71
 207  1589   0   0   0  67   0   0   0   0   0   0   0    0   0   0   3   0   0   0  99.81  95.95      -      -      -      - 19806.97
 208  2419   0   0   0   1   0   0   0   0   0   0   0    0   0   0  18   0   0   0  99.26  99.96      -      -      -      - 302.42
 209  2519   0   0   0   1   0   0   0   0   0   0   0    0   0   0   0   0   0   0 100.00  99.96      -      -      -      -  10.50
 210  2197   0   0   0   2   0   0   0   0   0   0   0    0   0   0   7   0   0   0  99.68  99.91      -      -      -      -  58.84
 212  2284   0   0   0   0   0   0   0   0   0   0   0    0   0   0   1   0   0   0  99.96 100.00      -      -      -      -   1.75
 213  2698   0   0   0   0   0   0   0   0   0   0   0    0   0   0   2   0   0   0  99.93 100.00      -      -      -      -  18.27
 214  1878   0   0   0   0   0   0   0   0   0   0   0    0   0   0   1   0   0   0  99.95 100.00      -      -      -      -  48.33
 215  2795   0   0   0   0   0   0   0   0   0   0   0    0   0   0   0   0   0   0 100.00 100.00      -      -      -      -   1.17
 219  1773   0   0   0   0   0   0   0   0   0   0   0    0   0   0   0   0   0   0 100.00 100.00      -      -      -      -   4.10
 220  1693   0   0   0   0   0   0   0   0   0   0   0    0   0   0   1   0   0   0  99.94 100.00      -      -      -      -   1.25
 221  2019   0   0   0   0   0   0   0   0   0   0   0    0   0   0   1   0   0   0  99.95 100.00      -      -      -      -  26.33
 222  2106   0   0   0   3   0   0   0   0   0   0   0    0   0   0  10   0   0   0  99.53  99.86      -      -      -      -  53.82
 223  2197   0   0   0   0   0   0   0   0   0   0   0    0   0   0   2   0   0   0  99.91 100.00      -      -      -      -  50.98
 228  1686   0   0   0   8   0   0   0   0   0   0   0    0   0   0  17   0   0   0  99.00  99.53      -      -      -      - 170.21
 230  1859   0   0   0   0   0   0   0   0   0   0   0    0   0   0   0   0   0   0 100.00 100.00      -      -      -      -   1.09
 231  1278   0   0   0   0   0   0   0   0   0   0   0    0   0   0   0   0   0   0 100.00 100.00      -      -      -      -   2.47
 232  1485   0   0   0   7   0   0   0   0   0   0   0    0   0   0   0   0   0   0 100.00  99.53      -      -      -      -  76.67
 233  2559   0   0   0   0   0   0   0   0   0   0   0    0   0   0   2   0   0   0  99.92 100.00      -      -      -      -  17.70
 234  2291   0   0   0   0   0   0   0   0   0   0   0    0   0   0   0   0   0   0 100.00 100.00      -      -      -      -   2.05
 100  1901   0   0   0   0   0   0   0   0   0   0   0    0   0   0   1   0   0   0  99.95 100.00      -      -      -      -   2.25
 101  1523   0   0   0   0   0   0   0   0   0   0   0    0   0   0   0   0   0   0 100.00 100.00      -      -      -      -   5.63
 103  1729   0   0   0   0   0   0   0   0   0   0   0    0   0   0   0   0   0   0 100.00 100.00      -      -      -      -   1.86
 105  2105   0   0   0  24   0   0   0   0   0   0   0    0   0   0  50   0   0   0  97.68  98.87      -      -      -      - 191.90
 100  1901   0   0   0   0   0   0   0   0   0   0   0    0   0   0   1   0   0   0  99.95 100.00      -      -      -      -   2.25
 101  1523   0   0   0   0   0   0   0   0   0   0   0    0   0   0   0   0   0   0 100.00 100.00      -      -      -      -   5.63
 103  1729   0   0   0   0   0   0   0   0   0   0   0    0   0   0   0   0   0   0 100.00 100.00      -      -      -      -   1.86
 105  2105   0   0   0  24   0   0   0   0   0   0   0    0   0   0  50   0   0   0  97.68  98.87      -      -      -      - 191.90
 106  1696   0   0   0   0   0   0   0   0   0   0   0    0   0   0   0   0   0   0 100.00 100.00      -      -      -      -   8.42
 108  1474   0   0   0   7   0   0   0   0   0   0   0    0   0   0   6   0   0   0  99.59  99.53      -      -      -      - 103.86
 109  2097   0   0   0   0   0   0   0   0   0   0   0    0   0   0   2   0   0   0  99.90 100.00      -      -      -      -  20.42
 111  1775   0   0   0   2   0   0   0   0   0   0   0    0   0   0   1   0   0   0  99.94  99.89      -      -      -      -  37.49
 112  2111   0   0   0   0   0   0   0   0   0   0   0    0   0   0   0   0   0   0 100.00 100.00      -      -      -      -   1.57
 113  1505   0   0   0   0   0   0   0   0   0   0   0    0   0   0   1   0   0   0  99.93 100.00      -      -      -      -   2.11
 114  1602   0   0   0   2   0   0   0   0   0   0   0    0   0   0   2   0   0   0  99.88  99.88      -      -      -      -  35.24
 115  1636   0   0   0   0   0   0   0   0   0   0   0    0   0   0   1   0   0   0  99.94 100.00      -      -      -      -   0.82
 116  1994   0   0   0   0   0   0   0   0   0   0   0    0   0   0  23   0   0   0  98.86 100.00      -      -      -      - 684.80
 117  1283   0   0   0   0   0   0   0   0   0   0   0    0   0   0   1   0   0   0  99.92 100.00      -      -      -      -   8.45
 118  1916   0   0   0   0   0   0   0   0   0   0   0    0   0   0   0   0   0   0 100.00 100.00      -      -      -      -   3.43
 119  1661   0   0   0   0   0   0   0   0   0   0   0    0   0   0   0   0   0   0 100.00 100.00      -      -      -      -   3.94
 121  1558   0   0   0   0   0   0   0   0   0   0   0    0   0   0   2   0   0   0  99.87 100.00      -      -      -      -  71.09
 122  2053   0   0   0   0   0   0   0   0   0   0   0    0   0   0   1   0   0   0  99.95 100.00      -      -      -      -   2.09
 123  1269   0   0   0   0   0   0   0   0   0   0   0    0   0   0   0   0   0   0 100.00 100.00      -      -      -      -   1.21
 124  1365   0   0   0   0   0   0   0   0   0   0   0    0   0   0   2   0   0   0  99.85 100.00      -      -      -      -  63.61
 200  2164   0   0   0   1   0   0   0   0   0   0   0    0   0   0   4   0   0   0  99.82  99.95      -      -      -      -  26.43
 201  1515   0   0   0   0   0   0   0   0   0   0   0    0   0   0   6   0   0   0  99.61 100.00      -      -      -      -  73.26
 202  1870   0   0   0   0   0   0   0   0   0   0   0    0   0   0   1   0   0   0  99.95 100.00      -      -      -      -  32.93
 203  2444   0   0   0   6   0   0   0   0   0   0   0    0   0   0  37   0   0   0  98.51  99.76      -      -      -      - 143.53
 205  2197   0   0   0   0   0   0   0   0   0   0   0    0   0   0   4   0   0   0  99.82 100.00      -      -      -      -  51.71
 207  1589   0   0   0  67   0   0   0   0   0   0   0    0   0   0   3   0   0   0  99.81  95.95      -      -      -      - 19806.97
 208  2419   0   0   0   1   0   0   0   0   0   0   0    0   0   0  18   0   0   0  99.26  99.96      -      -      -      - 302.42
 209  2519   0   0   0   1   0   0   0   0   0   0   0    0   0   0   0   0   0   0 100.00  99.96      -      -      -      -  10.50
 210  2197   0   0   0   2   0   0   0   0   0   0   0    0   0   0   7   0   0   0  99.68  99.91      -      -      -      -  58.84
 212  2284   0   0   0   0   0   0   0   0   0   0   0    0   0   0   1   0   0   0  99.96 100.00      -      -      -      -   1.75
 213  2698   0   0   0   0   0   0   0   0   0   0   0    0   0   0   2   0   0   0  99.93 100.00      -      -      -      -  18.27
 214  1878   0   0   0   0   0   0   0   0   0   0   0    0   0   0   1   0   0   0  99.95 100.00      -      -      -      -  48.33
 215  2795   0   0   0   0   0   0   0   0   0   0   0    0   0   0   0   0   0   0 100.00 100.00      -      -      -      -   1.17
 219  1773   0   0   0   0   0   0   0   0   0   0   0    0   0   0   0   0   0   0 100.00 100.00      -      -      -      -   4.10
 220  1693   0   0   0   0   0   0   0   0   0   0   0    0   0   0   1   0   0   0  99.94 100.00      -      -      -      -   1.25
 221  2019   0   0   0   0   0   0   0   0   0   0   0    0   0   0   1   0   0   0  99.95 100.00      -      -      -      -  26.33
 222  2106   0   0   0   3   0   0   0   0   0   0   0    0   0   0  10   0   0   0  99.53  99.86      -      -      -      -  53.82
 223  2197   0   0   0   0   0   0   0   0   0   0   0    0   0   0   2   0   0   0  99.91 100.00      -      -      -      -  50.98
 228  1686   0   0   0   8   0   0   0   0   0   0   0    0   0   0  17   0   0   0  99.00  99.53      -      -      -      - 170.21
 230  1859   0   0   0   0   0   0   0   0   0   0   0    0   0   0   0   0   0   0 100.00 100.00      -      -      -      -   1.09
 231  1278   0   0   0   0   0   0   0   0   0   0   0    0   0   0   0   0   0   0 100.00 100.00      -      -      -      -   2.47
 232  1485   0   0   0   7   0   0   0   0   0   0   0    0   0   0   0   0   0   0 100.00  99.53      -      -      -      -  76.67
 233  2559   0   0   0   0   0   0   0   0   0   0   0    0   0   0   2   0   0   0  99.92 100.00      -      -      -      -  17.70
 234  2291   0   0   0   0   0   0   0   0   0   0   0    0   0   0   0   0   0   0 100.00 100.00      -      -      -      -   2.05
 100  1901   0   0   0   0   0   0   0   0   0   0   0    0   0   0   1   0   0   0  99.95 100.00      -      -      -      -   2.25
 101  1523   0   0   0   0   0   0   0   0   0   0   0    0   0   0   0   0   0   0 100.00 100.00      -      -      -      -   5.63
 103  1729   0   0   0   0   0   0   0   0   0   0   0    0   0   0   0   0   0   0 100.00 100.00      -      -      -      -   1.86
 105  2105   0   0   0  24   0   0   0   0   0   0   0    0   0   0  50   0   0   0  97.68  98.87      -      -      -      - 191.90
 106  1696   0   0   0   0   0   0   0   0   0   0   0    0   0   0   0   0   0   0 100.00 100.00      -      -      -      -   8.42
 108  1474   0   0   0   7   0   0   0   0   0   0   0    0   0   0   6   0   0   0  99.59  99.53      -      -      -      - 103.86
 109  2097   0   0   0   0   0   0   0   0   0   0   0    0   0   0   2   0   0   0  99.90 100.00      -      -      -      -  20.42
 111  1775   0   0   0   2   0   0   0   0   0   0   0    0   0   0   1   0   0   0  99.94  99.89      -      -      -      -  37.49
 112  2111   0   0   0   0   0   0   0   0   0   0   0    0   0   0   0   0   0   0 100.00 100.00      -      -      -      -   1.57
 113  1505   0   0   0   0   0   0   0   0   0   0   0    0   0   0   1   0   0   0  99.93 100.00      -      -      -      -   2.11
 114  1602   0   0   0   2   0   0   0   0   0   0   0    0   0   0   2   0   0   0  99.88  99.88      -      -      -      -  35.24
 115  1636   0   0   0   0   0   0   0   0   0   0   0    0   0   0   1   0   0   0  99.94 100.00      -      -      -      -   0.82
 116  1994   0   0   0   0   0   0   0   0   0   0   0    0   0   0  23   0   0   0  98.86 100.00      -      -      -      - 684.80
 117  1283   0   0   0   0   0   0   0   0   0   0   0    0   0   0   1   0   0   0  99.92 100.00      -      -      -      -   8.45
 118  1916   0   0   0   0   0   0   0   0   0   0   0    0   0   0   0   0   0   0 100.00 100.00      -      -      -      -   3.43
 119  1661   0   0   0   0   0   0   0   0   0   0   0    0   0   0   0   0   0   0 100.00 100.00      -      -      -      -   3.94
 121  1558   0   0   0   0   0   0   0   0   0   0   0    0   0   0   2   0   0   0  99.87 100.00      -      -      -      -  71.09
 122  2053   0   0   0   0   0   0   0   0   0   0   0    0   0   0   1   0   0   0  99.95 100.00      -      -      -      -   2.09
 123  1269   0   0   0   0   0   0   0   0   0   0   0    0   0   0   0   0   0   0 100.00 100.00      -      -      -      -   1.21
 124  1365   0   0   0   0   0   0   0   0   0   0   0    0   0   0   2   0   0   0  99.85 100.00      -      -      -      -  63.61
 200  2164   0   0   0   1   0   0   0   0   0   0   0    0   0   0   4   0   0   0  99.82  99.95      -      -      -      -  26.43
 201  1515   0   0   0   0   0   0   0   0   0   0   0    0   0   0   6   0   0   0  99.61 100.00      -      -      -      -  73.26
 202  1870   0   0   0   0   0   0   0   0   0   0   0    0   0   0   1   0   0   0  99.95 100.00      -      -      -      -  32.93
 203  2444   0   0   0   6   0   0   0   0   0   0   0    0   0   0  37   0   0   0  98.51  99.76      -      -      -      - 143.53
 205  2197   0   0   0   0   0   0   0   0   0   0   0    0   0   0   4   0   0   0  99.82 100.00      -      -      -      -  51.71
 207  1589   0   0   0  67   0   0   0   0   0   0   0    0   0   0   3   0   0   0  99.81  95.95      -      -      -      - 19806.97
 208  2419   0   0   0   1   0   0   0   0   0   0   0    0   0   0  18   0   0   0  99.26  99.96      -      -      -      - 302.42
 209  2519   0   0   0   1   0   0   0   0   0   0   0    0   0   0   0   0   0   0 100.00  99.96      -      -      -      -  10.50
 210  2197   0   0   0   2   0   0   0   0   0   0   0    0   0   0   7   0   0   0  99.68  99.91      -      -      -      -  58.84
 212  2284   0   0   0   0   0   0   0   0   0   0   0    0   0   0   1   0   0   0  99.96 100.00      -      -      -      -   1.75
 213  2698   0   0   0   0   0   0   0   0   0   0   0    0   0   0   2   0   0   0  99.93 100.00      -      -      -      -  18.27
 214  1878   0   0   0   0   0   0   0   0   0   0   0    0   0   0   1   0   0   0  99.95 100.00      -      -      -      -  48.33
 215  2795   0   0   0   0   0   0   0   0   0   0   0    0   0   0   0   0   0   0 100.00 100.00      -      -      -      -   1.17
 219  1773   0   0   0   0   0   0   0   0   0   0   0    0   0   0   0   0   0   0 100.00 100.00      -      -      -      -   4.10
 220  1693   0   0   0   0   0   0   0   0   0   0   0    0   0   0   1   0   0   0  99.94 100.00      -      -      -      -   1.25
 221  2019   0   0   0   0   0   0   0   0   0   0   0    0   0   0   1   0   0   0  99.95 100.00      -      -      -      -  26.33
 222  2106   0   0   0   3   0   0   0   0   0   0   0    0   0   0  10   0   0   0  99.53  99.86      -      -      -      -  53.82
 223  2197   0   0   0   0   0   0   0   0   0   0   0    0   0   0   2   0   0   0  99.91 100.00      -      -      -      -  50.98
 228  1686   0   0   0   8   0   0   0   0   0   0   0    0   0   0  17   0   0   0  99.00  99.53      -      -      -      - 170.21
 230  1859   0   0   0   0   0   0   0   0   0   0   0    0   0   0   0   0   0   0 100.00 100.00      -      -      -      -   1.09
 231  1278   0   0   0   0   0   0   0   0   0   0   0    0   0   0   0   0   0   0 100.00 100.00      -      -      -      -   2.47
 232  1485   0   0   0   7   0   0   0   0   0   0   0    0   0   0   0   0   0   0 100.00  99.53      -      -      -      -  76.67
 233  2559   0   0   0   0   0   0   0   0   0   0   0    0   0   0   2   0   0   0  99.92 100.00      -      -      -      -  17.70
 234  2291   0   0   0   0   0   0   0   0   0   0   0    0   0   0   0   0   0   0 100.00 100.00      -      -      -      -   2.05
