Record Nx   Sx   Vx   Fx   Qx  % beats  % N    % S    % V    % F   Total Shutdown
                                missed missed missed missed missed      Time
 100    0    0    0    0    0     0.00   0.00      -      -      -    0 seconds 1902 0 0 0 0
 101    0    0    0    0    0     0.00   0.00      -      -      -    0 seconds 1523 0 0 0 0
 103    0    0    0    0    0     0.00   0.00      -      -      -    0 seconds 1729 0 0 0 0
 105    0    0    0    0    0     0.00   0.00      -      -      -    0 seconds 2155 0 0 0 0
 106    0    0    0    0    0     0.00   0.00      -      -      -    0 seconds 1696 0 0 0 0
 108    0    0    0    0    0     0.00   0.00      -      -      -    0 seconds 1480 0 0 0 0
 109    0    0    0    0    0     0.00   0.00      -      -      -    0 seconds 2099 0 0 0 0
 111    0    0    0    0    0     0.00   0.00      -      -      -    0 seconds 1776 0 0 0 0
 112    0    0    0    0    0     0.00   0.00      -      -      -    0 seconds 2111 0 0 0 0
 113    0    0    0    0    0     0.00   0.00      -      -      -    0 seconds 1506 0 0 0 0
 114    0    0    0    0    0     0.00   0.00      -      -      -    0 seconds 1604 0 0 0 0
 115    0    0    0    0    0     0.00   0.00      -      -      -    0 seconds 1637 0 0 0 0
 116    0    0    0    0    0     0.00   0.00      -      -      -    0 seconds 2017 0 0 0 0
 117    0    0    0    0    0     0.00   0.00      -      -      -    0 seconds 1284 0 0 0 0
 118    0    0    0    0    0     0.00   0.00      -      -      -    0 seconds 1916 0 0 0 0
 119    0    0    0    0    0     0.00   0.00      -      -      -    0 seconds 1661 0 0 0 0
 121    0    0    0    0    0     0.00   0.00      -      -      -    0 seconds 1560 0 0 0 0
 122    0    0    0    0    0     0.00   0.00      -      -      -    0 seconds 2054 0 0 0 0
 123    0    0    0    0    0     0.00   0.00      -      -      -    0 seconds 1269 0 0 0 0
 124    0    0    0    0    0     0.00   0.00      -      -      -    0 seconds 1367 0 0 0 0
 200    0    0    0    0    0     0.00   0.00      -      -      -    0 seconds 2168 0 0 0 0
 201    0    0    0    0    0     0.00   0.00      -      -      -    0 seconds 1521 0 0 0 0
 202    0    0    0    0    0     0.00   0.00      -      -      -    0 seconds 1871 0 0 0 0
 203    0    0    0    0    0     0.00   0.00      -      -      -    0 seconds 2481 0 0 0 0
 205    0    0    0    0    0     0.00   0.00      -      -      -    0 seconds 2201 0 0 0 0
 207    0    0    0    0    0     0.00   0.00      -      -      -    0 seconds 1592 0 0 0 0
 208    0    0    0    0    0     0.00   0.00      -      -      -    0 seconds 2437 0 0 0 0
 209    0    0    0    0    0     0.00   0.00      -      -      -    0 seconds 2519 0 0 0 0
 210    0    0    0    0    0     0.00   0.00      -      -      -    0 seconds 2204 0 0 0 0
 212    0    0    0    0    0     0.00   0.00      -      -      -    0 seconds 2285 0 0 0 0
 213    0    0    0    0    0     0.00   0.00      -      -      -    0 seconds 2700 0 0 0 0
 214    0    0    0    0    0     0.00   0.00      -      -      -    0 seconds 1879 0 0 0 0
 215    0    0    0    0    0     0.00   0.00      -      -      -    0 seconds 2795 0 0 0 0
 219    0    0    0    0    0     0.00   0.00      -      -      -    0 seconds 1773 0 0 0 0
 220    0    0    0    0    0     0.00   0.00      -      -      -    0 seconds 1694 0 0 0 0
 221    0    0    0    0    0     0.00   0.00      -      -      -    0 seconds 2020 0 0 0 0
 222    0    0    0    0    0     0.00   0.00      -      -      -    0 seconds 2116 0 0 0 0
 223    0    0    0    0    0     0.00   0.00      -      -      -    0 seconds 2199 0 0 0 0
 228    0    0    0    0    0     0.00   0.00      -      -      -    0 seconds 1703 0 0 0 0
 230    0    0    0    0    0     0.00   0.00      -      -      -    0 seconds 1859 0 0 0 0
 231    0    0    0    0    0     0.00   0.00      -      -      -    0 seconds 1278 0 0 0 0
 232    0    0    0    0    0     0.00   0.00      -      -      -    0 seconds 1485 0 0 0 0
 233    0    0    0    0    0     0.00   0.00      -      -      -    0 seconds 2561 0 0 0 0
 234    0    0    0    0    0     0.00   0.00      -      -      -    0 seconds 2291 0 0 0 0
 100    0    0    0    0    0     0.00   0.00      -      -      -    0 seconds 1902 0 0 0 0
 101    0    0    0    0    0     0.00   0.00      -      -      -    0 seconds 1523 0 0 0 0
 103    0    0    0    0    0     0.00   0.00      -      -      -    0 seconds 1729 0 0 0 0
 105    0    0    0    0    0     0.00   0.00      -      -      -    0 seconds 2155 0 0 0 0
 106    0    0    0    0    0     0.00   0.00      -      -      -    0 seconds 1696 0 0 0 0
 108    0    0    0    0    0     0.00   0.00      -      -      -    0 seconds 1480 0 0 0 0
 109    0    0    0    0    0     0.00   0.00      -      -      -    0 seconds 2099 0 0 0 0
 111    0    0    0    0    0     0.00   0.00      -      -      -    0 seconds 1776 0 0 0 0
 100    0    0    0    0    0     0.00   0.00      -      -      -    0 seconds 1902 0 0 0 0
 101    0    0    0    0    0     0.00   0.00      -      -      -    0 seconds 1523 0 0 0 0
 103    0    0    0    0    0     0.00   0.00      -      -      -    0 seconds 1729 0 0 0 0
 105    0    0    0    0    0     0.00   0.00      -      -      -    0 seconds 2155 0 0 0 0
 106    0    0    0    0    0     0.00   0.00      -      -      -    0 seconds 1696 0 0 0 0
 108    0    0    0    0    0     0.00   0.00      -      -      -    0 seconds 1480 0 0 0 0
 109    0    0    0    0    0     0.00   0.00      -      -      -    0 seconds 2099 0 0 0 0
 111    0    0    0    0    0     0.00   0.00      -      -      -    0 seconds 1776 0 0 0 0
 112    0    0    0    0    0     0.00   0.00      -      -      -    0 seconds 2111 0 0 0 0
 113    0    0    0    0    0     0.00   0.00      -      -      -    0 seconds 1506 0 0 0 0
 114    0    0    0    0    0     0.00   0.00      -      -      -    0 seconds 1604 0 0 0 0
 115    0    0    0    0    0     0.00   0.00      -      -      -    0 seconds 1637 0 0 0 0
 116    0    0    0    0    0     0.00   0.00      -      -      -    0 seconds 2017 0 0 0 0
 117    0    0    0    0    0     0.00   0.00      -      -      -    0 seconds 1284 0 0 0 0
 118    0    0    0    0    0     0.00   0.00      -      -      -    0 seconds 1916 0 0 0 0
 119    0    0    0    0    0     0.00   0.00      -      -      -    0 seconds 1661 0 0 0 0
 121    0    0    0    0    0     0.00   0.00      -      -      -    0 seconds 1560 0 0 0 0
 122    0    0    0    0    0     0.00   0.00      -      -      -    0 seconds 2054 0 0 0 0
 123    0    0    0    0    0     0.00   0.00      -      -      -    0 seconds 1269 0 0 0 0
 124    0    0    0    0    0     0.00   0.00      -      -      -    0 seconds 1367 0 0 0 0
 200    0    0    0    0    0     0.00   0.00      -      -      -    0 seconds 2168 0 0 0 0
 201    0    0    0    0    0     0.00   0.00      -      -      -    0 seconds 1521 0 0 0 0
 100    0    0    0    0    0     0.00   0.00      -      -      -    0 seconds 1902 0 0 0 0
 101    0    0    0    0    0     0.00   0.00      -      -      -    0 seconds 1523 0 0 0 0
 103    0    0    0    0    0     0.00   0.00      -      -      -    0 seconds 1729 0 0 0 0
 105    0    0    0    0    0     0.00   0.00      -      -      -    0 seconds 2155 0 0 0 0
 106    0    0    0    0    0     0.00   0.00      -      -      -    0 seconds 1696 0 0 0 0
 108    0    0    0    0    0     0.00   0.00      -      -      -    0 seconds 1480 0 0 0 0
 109    0    0    0    0    0     0.00   0.00      -      -      -    0 seconds 2099 0 0 0 0
 100    0    0    0    0    0     0.00   0.00      -      -      -    0 seconds 1902 0 0 0 0
 101    0    0    0    0    0     0.00   0.00      -      -      -    0 seconds 1523 0 0 0 0
 103    0    0    0    0    0     0.00   0.00      -      -      -    0 seconds 1729 0 0 0 0
 105    0    0    0    0    0     0.00   0.00      -      -      -    0 seconds 2155 0 0 0 0
 106    0    0    0    0    0     0.00   0.00      -      -      -    0 seconds 1696 0 0 0 0
 108    0    0    0    0    0     0.00   0.00      -      -      -    0 seconds 1480 0 0 0 0
 109    0    0    0    0    0     0.00   0.00      -      -      -    0 seconds 2099 0 0 0 0
 111    0    0    0    0    0     0.00   0.00      -      -      -    0 seconds 1776 0 0 0 0
 112    0    0    0    0    0     0.00   0.00      -      -      -    0 seconds 2111 0 0 0 0
 113    0    0    0    0    0     0.00   0.00      -      -      -    0 seconds 1506 0 0 0 0
 114    0    0    0    0    0     0.00   0.00      -      -      -    0 seconds 1604 0 0 0 0
 115    0    0    0    0    0     0.00   0.00      -      -      -    0 seconds 1637 0 0 0 0
 116    0    0    0    0    0     0.00   0.00      -      -      -    0 seconds 2017 0 0 0 0
 117    0    0    0    0    0     0.00   0.00      -      -      -    0 seconds 1284 0 0 0 0
 118    0    0    0    0    0     0.00   0.00      -      -      -    0 seconds 1916 0 0 0 0
 119    0    0    0    0    0     0.00   0.00      -      -      -    0 seconds 1661 0 0 0 0
 121    0    0    0    0    0     0.00   0.00      -      -      -    0 seconds 1560 0 0 0 0
 122    0    0    0    0    0     0.00   0.00      -      -      -    0 seconds 2054 0 0 0 0
 123    0    0    0    0    0     0.00   0.00      -      -      -    0 seconds 1269 0 0 0 0
 124    0    0    0    0    0     0.00   0.00      -      -      -    0 seconds 1367 0 0 0 0
 200    0    0    0    0    0     0.00   0.00      -      -      -    0 seconds 2168 0 0 0 0
 201    0    0    0    0    0     0.00   0.00      -      -      -    0 seconds 1521 0 0 0 0
 202    0    0    0    0    0     0.00   0.00      -      -      -    0 seconds 1871 0 0 0 0
 203    0    0    0    0    0     0.00   0.00      -      -      -    0 seconds 2481 0 0 0 0
 205    0    0    0    0    0     0.00   0.00      -      -      -    0 seconds 2201 0 0 0 0
 207    0    0    0    0    0     0.00   0.00      -      -      -    0 seconds 1592 0 0 0 0
 208    0    0    0    0    0     0.00   0.00      -      -      -    0 seconds 2437 0 0 0 0
 209    0    0    0    0    0     0.00   0.00      -      -      -    0 seconds 2519 0 0 0 0
 210    0    0    0    0    0     0.00   0.00      -      -      -    0 seconds 2204 0 0 0 0
 212    0    0    0    0    0     0.00   0.00      -      -      -    0 seconds 2285 0 0 0 0
 213    0    0    0    0    0     0.00   0.00      -      -      -    0 seconds 2700 0 0 0 0
 214    0    0    0    0    0     0.00   0.00      -      -      -    0 seconds 1879 0 0 0 0
 215    0    0    0    0    0     0.00   0.00      -      -      -    0 seconds 2795 0 0 0 0
 219    0    0    0    0    0     0.00   0.00      -      -      -    0 seconds 1773 0 0 0 0
 220    0    0    0    0    0     0.00   0.00      -      -      -    0 seconds 1694 0 0 0 0
 221    0    0    0    0    0     0.00   0.00      -      -      -    0 seconds 2020 0 0 0 0
 222    0    0    0    0    0     0.00   0.00      -      -      -    0 seconds 2116 0 0 0 0
 223    0    0    0    0    0     0.00   0.00      -      -      -    0 seconds 2199 0 0 0 0
 228    0    0    0    0    0     0.00   0.00      -      -      -    0 seconds 1703 0 0 0 0
 230    0    0    0    0    0     0.00   0.00      -      -      -    0 seconds 1859 0 0 0 0
 231    0    0    0    0    0     0.00   0.00      -      -      -    0 seconds 1278 0 0 0 0
 232    0    0    0    0    0     0.00   0.00      -      -      -    0 seconds 1485 0 0 0 0
 233    0    0    0    0    0     0.00   0.00      -      -      -    0 seconds 2561 0 0 0 0
 234    0    0    0    0    0     0.00   0.00      -      -      -    0 seconds 2291 0 0 0 0
 100    0    0    0    0    0     0.00   0.00      -      -      -    0 seconds 1902 0 0 0 0
 101    0    0    0    0    0     0.00   0.00      -      -      -    0 seconds 1523 0 0 0 0
 103    0    0    0    0    0     0.00   0.00      -      -      -    0 seconds 1729 0 0 0 0
 105    0    0    0    0    0     0.00   0.00      -      -      -    0 seconds 2155 0 0 0 0
 100    0    0    0    0    0     0.00   0.00      -      -      -    0 seconds 1902 0 0 0 0
 101    0    0    0    0    0     0.00   0.00      -      -      -    0 seconds 1523 0 0 0 0
 103    0    0    0    0    0     0.00   0.00      -      -      -    0 seconds 1729 0 0 0 0
 105    0    0    0    0    0     0.00   0.00      -      -      -    0 seconds 2155 0 0 0 0
 106    0    0    0    0    0     0.00   0.00      -      -      -    0 seconds 1696 0 0 0 0
 108    0    0    0    0    0     0.00   0.00      -      -      -    0 seconds 1480 0 0 0 0
 109    0    0    0    0    0     0.00   0.00      -      -      -    0 seconds 2099 0 0 0 0
 111    0    0    0    0    0     0.00   0.00      -      -      -    0 seconds 1776 0 0 0 0
 112    0    0    0    0    0     0.00   0.00      -      -      -    0 seconds 2111 0 0 0 0
 113    0    0    0    0    0     0.00   0.00      -      -      -    0 seconds 1506 0 0 0 0
 114    0    0    0    0    0     0.00   0.00      -      -      -    0 seconds 1604 0 0 0 0
 115    0    0    0    0    0     0.00   0.00      -      -      -    0 seconds 1637 0 0 0 0
 116    0    0    0    0    0     0.00   0.00      -      -      -    0 seconds 2017 0 0 0 0
 117    0    0    0    0    0     0.00   0.00      -      -      -    0 seconds 1284 0 0 0 0
 118    0    0    0    0    0     0.00   0.00      -      -      -    0 seconds 1916 0 0 0 0
 119    0    0    0    0    0     0.00   0.00      -      -      -    0 seconds 1661 0 0 0 0
 121    0    0    0    0    0     0.00   0.00      -      -      -    0 seconds 1560 0 0 0 0
 122    0    0    0    0    0     0.00   0.00      -      -      -    0 seconds 2054 0 0 0 0
 123    0    0    0    0    0     0.00   0.00      -      -      -    0 seconds 1269 0 0 0 0
 124    0    0    0    0    0     0.00   0.00      -      -      -    0 seconds 1367 0 0 0 0
 200    0    0    0    0    0     0.00   0.00      -      -      -    0 seconds 2168 0 0 0 0
 201    0    0    0    0    0     0.00   0.00      -      -      -    0 seconds 1521 0 0 0 0
 202    0    0    0    0    0     0.00   0.00      -      -      -    0 seconds 1871 0 0 0 0
 203    0    0    0    0    0     0.00   0.00      -      -      -    0 seconds 2481 0 0 0 0
 205    0    0    0    0    0     0.00   0.00      -      -      -    0 seconds 2201 0 0 0 0
 207    0    0    0    0    0     0.00   0.00      -      -      -    0 seconds 1592 0 0 0 0
 208    0    0    0    0    0     0.00   0.00      -      -      -    0 seconds 2437 0 0 0 0
 209    0    0    0    0    0     0.00   0.00      -      -      -    0 seconds 2519 0 0 0 0
 210    0    0    0    0    0     0.00   0.00      -      -      -    0 seconds 2204 0 0 0 0
 212    0    0    0    0    0     0.00   0.00      -      -      -    0 seconds 2285 0 0 0 0
 213    0    0    0    0    0     0.00   0.00      -      -      -    0 seconds 2700 0 0 0 0
 214    0    0    0    0    0     0.00   0.00      -      -      -    0 seconds 1879 0 0 0 0
 215    0    0    0    0    0     0.00   0.00      -      -      -    0 seconds 2795 0 0 0 0
 219    0    0    0    0    0     0.00   0.00      -      -      -    0 seconds 1773 0 0 0 0
 220    0    0    0    0    0     0.00   0.00      -      -      -    0 seconds 1694 0 0 0 0
 221    0    0    0    0    0     0.00   0.00      -      -      -    0 seconds 2020 0 0 0 0
 222    0    0    0    0    0     0.00   0.00      -      -      -    0 seconds 2116 0 0 0 0
 223    0    0    0    0    0     0.00   0.00      -      -      -    0 seconds 2199 0 0 0 0
 228    0    0    0    0    0     0.00   0.00      -      -      -    0 seconds 1703 0 0 0 0
 230    0    0    0    0    0     0.00   0.00      -      -      -    0 seconds 1859 0 0 0 0
 231    0    0    0    0    0     0.00   0.00      -      -      -    0 seconds 1278 0 0 0 0
 232    0    0    0    0    0     0.00   0.00      -      -      -    0 seconds 1485 0 0 0 0
 233    0    0    0    0    0     0.00   0.00      -      -      -    0 seconds 2561 0 0 0 0
 234    0    0    0    0    0     0.00   0.00      -      -      -    0 seconds 2291 0 0 0 0
 100    0    0    0    0    0     0.00   0.00      -      -      -    0 seconds 1902 0 0 0 0
 101    0    0    0    0    0     0.00   0.00      -      -      -    0 seconds 1523 0 0 0 0
 103    0    0    0    0    0     0.00   0.00      -      -      -    0 seconds 1729 0 0 0 0
 105    0    0    0    0    0     0.00   0.00      -      -      -    0 seconds 2155 0 0 0 0
 106    0    0    0    0    0     0.00   0.00      -      -      -    0 seconds 1696 0 0 0 0
 108    0    0    0    0    0     0.00   0.00      -      -      -    0 seconds 1480 0 0 0 0
 109    0    0    0    0    0     0.00   0.00      -      -      -    0 seconds 2099 0 0 0 0
 111    0    0    0    0    0     0.00   0.00      -      -      -    0 seconds 1776 0 0 0 0
 112    0    0    0    0    0     0.00   0.00      -      -      -    0 seconds 2111 0 0 0 0
 113    0    0    0    0    0     0.00   0.00      -      -      -    0 seconds 1506 0 0 0 0
 114    0    0    0    0    0     0.00   0.00      -      -      -    0 seconds 1604 0 0 0 0
 115    0    0    0    0    0     0.00   0.00      -      -      -    0 seconds 1637 0 0 0 0
 116    0    0    0    0    0     0.00   0.00      -      -      -    0 seconds 2017 0 0 0 0
 117    0    0    0    0    0     0.00   0.00      -      -      -    0 seconds 1284 0 0 0 0
 118    0    0    0    0    0     0.00   0.00      -      -      -    0 seconds 1916 0 0 0 0
 119    0    0    0    0    0     0.00   0.00      -      -      -    0 seconds 1661 0 0 0 0
 121    0    0    0    0    0     0.00   0.00      -      -      -    0 seconds 1560 0 0 0 0
 122    0    0    0    0    0     0.00   0.00      -      -      -    0 seconds 2054 0 0 0 0
 123    0    0    0    0    0     0.00   0.00      -      -      -    0 seconds 1269 0 0 0 0
 124    0    0    0    0    0     0.00   0.00      -      -      -    0 seconds 1367 0 0 0 0
 200    0    0    0    0    0     0.00   0.00      -      -      -    0 seconds 2168 0 0 0 0
 201    0    0    0    0    0     0.00   0.00      -      -      -    0 seconds 1521 0 0 0 0
 202    0    0    0    0    0     0.00   0.00      -      -      -    0 seconds 1871 0 0 0 0
 203    0    0    0    0    0     0.00   0.00      -      -      -    0 seconds 2481 0 0 0 0
 205    0    0    0    0    0     0.00   0.00      -      -      -    0 seconds 2201 0 0 0 0
 207    0    0    0    0    0     0.00   0.00      -      -      -    0 seconds 1592 0 0 0 0
 208    0    0    0    0    0     0.00   0.00      -      -      -    0 seconds 2437 0 0 0 0
 209    0    0    0    0    0     0.00   0.00      -      -      -    0 seconds 2519 0 0 0 0
 210    0    0    0    0    0     0.00   0.00      -      -      -    0 seconds 2204 0 0 0 0
 212    0    0    0    0    0     0.00   0.00      -      -      -    0 seconds 2285 0 0 0 0
 213    0    0    0    0    0     0.00   0.00      -      -      -    0 seconds 2700 0 0 0 0
 214    0    0    0    0    0     0.00   0.00      -      -      -    0 seconds 1879 0 0 0 0
 215    0    0    0    0    0     0.00   0.00      -      -      -    0 seconds 2795 0 0 0 0
 219    0    0    0    0    0     0.00   0.00      -      -      -    0 seconds 1773 0 0 0 0
 220    0    0    0    0    0     0.00   0.00      -      -      -    0 seconds 1694 0 0 0 0
 221    0    0    0    0    0     0.00   0.00      -      -      -    0 seconds 2020 0 0 0 0
 222    0    0    0    0    0     0.00   0.00      -      -      -    0 seconds 2116 0 0 0 0
 223    0    0    0    0    0     0.00   0.00      -      -      -    0 seconds 2199 0 0 0 0
 228    0    0    0    0    0     0.00   0.00      -      -      -    0 seconds 1703 0 0 0 0
 230    0    0    0    0    0     0.00   0.00      -      -      -    0 seconds 1859 0 0 0 0
 231    0    0    0    0    0     0.00   0.00      -      -      -    0 seconds 1278 0 0 0 0
 232    0    0    0    0    0     0.00   0.00      -      -      -    0 seconds 1485 0 0 0 0
 233    0    0    0    0    0     0.00   0.00      -      -      -    0 seconds 2561 0 0 0 0
 234    0    0    0    0    0     0.00   0.00      -      -      -    0 seconds 2291 0 0 0 0
