Beat-by-beat comparison results for record 100
Reference annotator: atr
     Test annotator: pred

               Algorithm
        n    s    v    f    q    o    x
   ____________________________________
 N | 1901    0    0    0    0    1    0
 S |    0    0    0    0    0    0    0
 V |    0    0    0    0    0    0    0
 F |    0    0    0    0    0    0    0
 Q |    0    0    0    0    0    0    0
 O |    0    0    0    0    0
 X |    0    0    0    0    0

           QRS sensitivity:  99.95% (1901/1902)
 QRS positive predictivity: 100.00% (1901/1901)
           VEB sensitivity:      -  (0/0)
 VEB positive predictivity:      -  (0/0)
          SVEB sensitivity:      -  (0/0)
SVEB positive predictivity:      -  (0/0)
     RMS RR interval error:   2.25 ms
Beat-by-beat comparison results for record 101
Reference annotator: atr
     Test annotator: pred

               Algorithm
        n    s    v    f    q    o    x
   ____________________________________
 N | 1523    0    0    0    0    0    0
 S |    0    0    0    0    0    0    0
 V |    0    0    0    0    0    0    0
 F |    0    0    0    0    0    0    0
 Q |    0    0    0    0    0    0    0
 O |    0    0    0    0    0
 X |    0    0    0    0    0

           QRS sensitivity: 100.00% (1523/1523)
 QRS positive predictivity: 100.00% (1523/1523)
           VEB sensitivity:      -  (0/0)
 VEB positive predictivity:      -  (0/0)
          SVEB sensitivity:      -  (0/0)
SVEB positive predictivity:      -  (0/0)
     RMS RR interval error:   5.63 ms
Beat-by-beat comparison results for record 103
Reference annotator: atr
     Test annotator: pred

               Algorithm
        n    s    v    f    q    o    x
   ____________________________________
 N | 1729    0    0    0    0    0    0
 S |    0    0    0    0    0    0    0
 V |    0    0    0    0    0    0    0
 F |    0    0    0    0    0    0    0
 Q |    0    0    0    0    0    0    0
 O |    0    0    0    0    0
 X |    0    0    0    0    0

           QRS sensitivity: 100.00% (1729/1729)
 QRS positive predictivity: 100.00% (1729/1729)
           VEB sensitivity:      -  (0/0)
 VEB positive predictivity:      -  (0/0)
          SVEB sensitivity:      -  (0/0)
SVEB positive predictivity:      -  (0/0)
     RMS RR interval error:   1.86 ms
Beat-by-beat comparison results for record 105
Reference annotator: atr
     Test annotator: pred

               Algorithm
        n    s    v    f    q    o    x
   ____________________________________
 N | 2105    0    0    0    0   50    0
 S |    0    0    0    0    0    0    0
 V |    0    0    0    0    0    0    0
 F |    0    0    0    0    0    0    0
 Q |    0    0    0    0    0    0    0
 O |   24    0    0    0    0
 X |    0    0    0    0    0

           QRS sensitivity:  97.68% (2105/2155)
 QRS positive predictivity:  98.87% (2105/2129)
           VEB sensitivity:      -  (0/0)
 VEB positive predictivity:      -  (0/0)
          SVEB sensitivity:      -  (0/0)
SVEB positive predictivity:      -  (0/0)
     RMS RR interval error: 191.90 ms
Beat-by-beat comparison results for record 106
Reference annotator: atr
     Test annotator: pred

               Algorithm
        n    s    v    f    q    o    x
   ____________________________________
 N | 1696    0    0    0    0    0    0
 S |    0    0    0    0    0    0    0
 V |    0    0    0    0    0    0    0
 F |    0    0    0    0    0    0    0
 Q |    0    0    0    0    0    0    0
 O |    0    0    0    0    0
 X |    0    0    0    0    0

           QRS sensitivity: 100.00% (1696/1696)
 QRS positive predictivity: 100.00% (1696/1696)
           VEB sensitivity:      -  (0/0)
 VEB positive predictivity:      -  (0/0)
          SVEB sensitivity:      -  (0/0)
SVEB positive predictivity:      -  (0/0)
     RMS RR interval error:   8.42 ms
Beat-by-beat comparison results for record 108
Reference annotator: atr
     Test annotator: pred

               Algorithm
        n    s    v    f    q    o    x
   ____________________________________
 N | 1474    0    0    0    0    6    0
 S |    0    0    0    0    0    0    0
 V |    0    0    0    0    0    0    0
 F |    0    0    0    0    0    0    0
 Q |    0    0    0    0    0    0    0
 O |    7    0    0    0    0
 X |    0    0    0    0    0

           QRS sensitivity:  99.59% (1474/1480)
 QRS positive predictivity:  99.53% (1474/1481)
           VEB sensitivity:      -  (0/0)
 VEB positive predictivity:      -  (0/0)
          SVEB sensitivity:      -  (0/0)
SVEB positive predictivity:      -  (0/0)
     RMS RR interval error: 103.86 ms
Beat-by-beat comparison results for record 109
Reference annotator: atr
     Test annotator: pred

               Algorithm
        n    s    v    f    q    o    x
   ____________________________________
 N | 2097    0    0    0    0    2    0
 S |    0    0    0    0    0    0    0
 V |    0    0    0    0    0    0    0
 F |    0    0    0    0    0    0    0
 Q |    0    0    0    0    0    0    0
 O |    0    0    0    0    0
 X |    0    0    0    0    0

           QRS sensitivity:  99.90% (2097/2099)
 QRS positive predictivity: 100.00% (2097/2097)
           VEB sensitivity:      -  (0/0)
 VEB positive predictivity:      -  (0/0)
          SVEB sensitivity:      -  (0/0)
SVEB positive predictivity:      -  (0/0)
     RMS RR interval error:  20.42 ms
Beat-by-beat comparison results for record 100
Reference annotator: atr
     Test annotator: pred

               Algorithm
        n    s    v    f    q    o    x
   ____________________________________
 N | 1901    0    0    0    0    1    0
 S |    0    0    0    0    0    0    0
 V |    0    0    0    0    0    0    0
 F |    0    0    0    0    0    0    0
 Q |    0    0    0    0    0    0    0
 O |    0    0    0    0    0
 X |    0    0    0    0    0

           QRS sensitivity:  99.95% (1901/1902)
 QRS positive predictivity: 100.00% (1901/1901)
           VEB sensitivity:      -  (0/0)
 VEB positive predictivity:      -  (0/0)
          SVEB sensitivity:      -  (0/0)
SVEB positive predictivity:      -  (0/0)
     RMS RR interval error:   2.25 ms
Beat-by-beat comparison results for record 101
Reference annotator: atr
     Test annotator: pred

               Algorithm
        n    s    v    f    q    o    x
   ____________________________________
 N | 1523    0    0    0    0    0    0
 S |    0    0    0    0    0    0    0
 V |    0    0    0    0    0    0    0
 F |    0    0    0    0    0    0    0
 Q |    0    0    0    0    0    0    0
 O |    0    0    0    0    0
 X |    0    0    0    0    0

           QRS sensitivity: 100.00% (1523/1523)
 QRS positive predictivity: 100.00% (1523/1523)
           VEB sensitivity:      -  (0/0)
 VEB positive predictivity:      -  (0/0)
          SVEB sensitivity:      -  (0/0)
SVEB positive predictivity:      -  (0/0)
     RMS RR interval error:   5.63 ms
Beat-by-beat comparison results for record 103
Reference annotator: atr
     Test annotator: pred

               Algorithm
        n    s    v    f    q    o    x
   ____________________________________
 N | 1729    0    0    0    0    0    0
 S |    0    0    0    0    0    0    0
 V |    0    0    0    0    0    0    0
 F |    0    0    0    0    0    0    0
 Q |    0    0    0    0    0    0    0
 O |    0    0    0    0    0
 X |    0    0    0    0    0

           QRS sensitivity: 100.00% (1729/1729)
 QRS positive predictivity: 100.00% (1729/1729)
           VEB sensitivity:      -  (0/0)
 VEB positive predictivity:      -  (0/0)
          SVEB sensitivity:      -  (0/0)
SVEB positive predictivity:      -  (0/0)
     RMS RR interval error:   1.86 ms
Beat-by-beat comparison results for record 105
Reference annotator: atr
     Test annotator: pred

               Algorithm
        n    s    v    f    q    o    x
   ____________________________________
 N | 2105    0    0    0    0   50    0
 S |    0    0    0    0    0    0    0
 V |    0    0    0    0    0    0    0
 F |    0    0    0    0    0    0    0
 Q |    0    0    0    0    0    0    0
 O |   24    0    0    0    0
 X |    0    0    0    0    0

           QRS sensitivity:  97.68% (2105/2155)
 QRS positive predictivity:  98.87% (2105/2129)
           VEB sensitivity:      -  (0/0)
 VEB positive predictivity:      -  (0/0)
          SVEB sensitivity:      -  (0/0)
SVEB positive predictivity:      -  (0/0)
     RMS RR interval error: 191.90 ms
Beat-by-beat comparison results for record 106
Reference annotator: atr
     Test annotator: pred

               Algorithm
        n    s    v    f    q    o    x
   ____________________________________
 N | 1696    0    0    0    0    0    0
 S |    0    0    0    0    0    0    0
 V |    0    0    0    0    0    0    0
 F |    0    0    0    0    0    0    0
 Q |    0    0    0    0    0    0    0
 O |    0    0    0    0    0
 X |    0    0    0    0    0

           QRS sensitivity: 100.00% (1696/1696)
 QRS positive predictivity: 100.00% (1696/1696)
           VEB sensitivity:      -  (0/0)
 VEB positive predictivity:      -  (0/0)
          SVEB sensitivity:      -  (0/0)
SVEB positive predictivity:      -  (0/0)
     RMS RR interval error:   8.42 ms
Beat-by-beat comparison results for record 108
Reference annotator: atr
     Test annotator: pred

               Algorithm
        n    s    v    f    q    o    x
   ____________________________________
 N | 1474    0    0    0    0    6    0
 S |    0    0    0    0    0    0    0
 V |    0    0    0    0    0    0    0
 F |    0    0    0    0    0    0    0
 Q |    0    0    0    0    0    0    0
 O |    7    0    0    0    0
 X |    0    0    0    0    0

           QRS sensitivity:  99.59% (1474/1480)
 QRS positive predictivity:  99.53% (1474/1481)
           VEB sensitivity:      -  (0/0)
 VEB positive predictivity:      -  (0/0)
          SVEB sensitivity:      -  (0/0)
SVEB positive predictivity:      -  (0/0)
     RMS RR interval error: 103.86 ms
Beat-by-beat comparison results for record 109
Reference annotator: atr
     Test annotator: pred

               Algorithm
        n    s    v    f    q    o    x
   ____________________________________
 N | 2097    0    0    0    0    2    0
 S |    0    0    0    0    0    0    0
 V |    0    0    0    0    0    0    0
 F |    0    0    0    0    0    0    0
 Q |    0    0    0    0    0    0    0
 O |    0    0    0    0    0
 X |    0    0    0    0    0

           QRS sensitivity:  99.90% (2097/2099)
 QRS positive predictivity: 100.00% (2097/2097)
           VEB sensitivity:      -  (0/0)
 VEB positive predictivity:      -  (0/0)
          SVEB sensitivity:      -  (0/0)
SVEB positive predictivity:      -  (0/0)
     RMS RR interval error:  20.42 ms
Beat-by-beat comparison results for record 111
Reference annotator: atr
     Test annotator: pred

               Algorithm
        n    s    v    f    q    o    x
   ____________________________________
 N | 1775    0    0    0    0    1    0
 S |    0    0    0    0    0    0    0
 V |    0    0    0    0    0    0    0
 F |    0    0    0    0    0    0    0
 Q |    0    0    0    0    0    0    0
 O |    2    0    0    0    0
 X |    0    0    0    0    0

           QRS sensitivity:  99.94% (1775/1776)
 QRS positive predictivity:  99.89% (1775/1777)
           VEB sensitivity:      -  (0/0)
 VEB positive predictivity:      -  (0/0)
          SVEB sensitivity:      -  (0/0)
SVEB positive predictivity:      -  (0/0)
     RMS RR interval error:  37.49 ms
Beat-by-beat comparison results for record 112
Reference annotator: atr
     Test annotator: pred

               Algorithm
        n    s    v    f    q    o    x
   ____________________________________
 N | 2111    0    0    0    0    0    0
 S |    0    0    0    0    0    0    0
 V |    0    0    0    0    0    0    0
 F |    0    0    0    0    0    0    0
 Q |    0    0    0    0    0    0    0
 O |    0    0    0    0    0
 X |    0    0    0    0    0

           QRS sensitivity: 100.00% (2111/2111)
 QRS positive predictivity: 100.00% (2111/2111)
           VEB sensitivity:      -  (0/0)
 VEB positive predictivity:      -  (0/0)
          SVEB sensitivity:      -  (0/0)
SVEB positive predictivity:      -  (0/0)
     RMS RR interval error:   1.57 ms
Beat-by-beat comparison results for record 113
Reference annotator: atr
     Test annotator: pred

               Algorithm
        n    s    v    f    q    o    x
   ____________________________________
 N | 1505    0    0    0    0    1    0
 S |    0    0    0    0    0    0    0
 V |    0    0    0    0    0    0    0
 F |    0    0    0    0    0    0    0
 Q |    0    0    0    0    0    0    0
 O |    0    0    0    0    0
 X |    0    0    0    0    0

           QRS sensitivity:  99.93% (1505/1506)
 QRS positive predictivity: 100.00% (1505/1505)
           VEB sensitivity:      -  (0/0)
 VEB positive predictivity:      -  (0/0)
          SVEB sensitivity:      -  (0/0)
SVEB positive predictivity:      -  (0/0)
     RMS RR interval error:   2.11 ms
Beat-by-beat comparison results for record 114
Reference annotator: atr
     Test annotator: pred

               Algorithm
        n    s    v    f    q    o    x
   ____________________________________
 N | 1602    0    0    0    0    2    0
 S |    0    0    0    0    0    0    0
 V |    0    0    0    0    0    0    0
 F |    0    0    0    0    0    0    0
 Q |    0    0    0    0    0    0    0
 O |    2    0    0    0    0
 X |    0    0    0    0    0

           QRS sensitivity:  99.88% (1602/1604)
 QRS positive predictivity:  99.88% (1602/1604)
           VEB sensitivity:      -  (0/0)
 VEB positive predictivity:      -  (0/0)
          SVEB sensitivity:      -  (0/0)
SVEB positive predictivity:      -  (0/0)
     RMS RR interval error:  35.24 ms
Beat-by-beat comparison results for record 115
Reference annotator: atr
     Test annotator: pred

               Algorithm
        n    s    v    f    q    o    x
   ____________________________________
 N | 1636    0    0    0    0    1    0
 S |    0    0    0    0    0    0    0
 V |    0    0    0    0    0    0    0
 F |    0    0    0    0    0    0    0
 Q |    0    0    0    0    0    0    0
 O |    0    0    0    0    0
 X |    0    0    0    0    0

           QRS sensitivity:  99.94% (1636/1637)
 QRS positive predictivity: 100.00% (1636/1636)
           VEB sensitivity:      -  (0/0)
 VEB positive predictivity:      -  (0/0)
          SVEB sensitivity:      -  (0/0)
SVEB positive predictivity:      -  (0/0)
     RMS RR interval error:   0.82 ms
Beat-by-beat comparison results for record 116
Reference annotator: atr
     Test annotator: pred

               Algorithm
        n    s    v    f    q    o    x
   ____________________________________
 N | 1994    0    0    0    0   23    0
 S |    0    0    0    0    0    0    0
 V |    0    0    0    0    0    0    0
 F |    0    0    0    0    0    0    0
 Q |    0    0    0    0    0    0    0
 O |    0    0    0    0    0
 X |    0    0    0    0    0

           QRS sensitivity:  98.86% (1994/2017)
 QRS positive predictivity: 100.00% (1994/1994)
           VEB sensitivity:      -  (0/0)
 VEB positive predictivity:      -  (0/0)
          SVEB sensitivity:      -  (0/0)
SVEB positive predictivity:      -  (0/0)
     RMS RR interval error: 684.80 ms
Beat-by-beat comparison results for record 117
Reference annotator: atr
     Test annotator: pred

               Algorithm
        n    s    v    f    q    o    x
   ____________________________________
 N | 1283    0    0    0    0    1    0
 S |    0    0    0    0    0    0    0
 V |    0    0    0    0    0    0    0
 F |    0    0    0    0    0    0    0
 Q |    0    0    0    0    0    0    0
 O |    0    0    0    0    0
 X |    0    0    0    0    0

           QRS sensitivity:  99.92% (1283/1284)
 QRS positive predictivity: 100.00% (1283/1283)
           VEB sensitivity:      -  (0/0)
 VEB positive predictivity:      -  (0/0)
          SVEB sensitivity:      -  (0/0)
SVEB positive predictivity:      -  (0/0)
     RMS RR interval error:   8.45 ms
Beat-by-beat comparison results for record 118
Reference annotator: atr
     Test annotator: pred

               Algorithm
        n    s    v    f    q    o    x
   ____________________________________
 N | 1916    0    0    0    0    0    0
 S |    0    0    0    0    0    0    0
 V |    0    0    0    0    0    0    0
 F |    0    0    0    0    0    0    0
 Q |    0    0    0    0    0    0    0
 O |    0    0    0    0    0
 X |    0    0    0    0    0

           QRS sensitivity: 100.00% (1916/1916)
 QRS positive predictivity: 100.00% (1916/1916)
           VEB sensitivity:      -  (0/0)
 VEB positive predictivity:      -  (0/0)
          SVEB sensitivity:      -  (0/0)
SVEB positive predictivity:      -  (0/0)
     RMS RR interval error:   3.43 ms
Beat-by-beat comparison results for record 119
Reference annotator: atr
     Test annotator: pred

               Algorithm
        n    s    v    f    q    o    x
   ____________________________________
 N | 1661    0    0    0    0    0    0
 S |    0    0    0    0    0    0    0
 V |    0    0    0    0    0    0    0
 F |    0    0    0    0    0    0    0
 Q |    0    0    0    0    0    0    0
 O |    0    0    0    0    0
 X |    0    0    0    0    0

           QRS sensitivity: 100.00% (1661/1661)
 QRS positive predictivity: 100.00% (1661/1661)
           VEB sensitivity:      -  (0/0)
 VEB positive predictivity:      -  (0/0)
          SVEB sensitivity:      -  (0/0)
SVEB positive predictivity:      -  (0/0)
     RMS RR interval error:   3.94 ms
Beat-by-beat comparison results for record 121
Reference annotator: atr
     Test annotator: pred

               Algorithm
        n    s    v    f    q    o    x
   ____________________________________
 N | 1558    0    0    0    0    2    0
 S |    0    0    0    0    0    0    0
 V |    0    0    0    0    0    0    0
 F |    0    0    0    0    0    0    0
 Q |    0    0    0    0    0    0    0
 O |    0    0    0    0    0
 X |    0    0    0    0    0

           QRS sensitivity:  99.87% (1558/1560)
 QRS positive predictivity: 100.00% (1558/1558)
           VEB sensitivity:      -  (0/0)
 VEB positive predictivity:      -  (0/0)
          SVEB sensitivity:      -  (0/0)
SVEB positive predictivity:      -  (0/0)
     RMS RR interval error:  71.09 ms
Beat-by-beat comparison results for record 122
Reference annotator: atr
     Test annotator: pred

               Algorithm
        n    s    v    f    q    o    x
   ____________________________________
 N | 2053    0    0    0    0    1    0
 S |    0    0    0    0    0    0    0
 V |    0    0    0    0    0    0    0
 F |    0    0    0    0    0    0    0
 Q |    0    0    0    0    0    0    0
 O |    0    0    0    0    0
 X |    0    0    0    0    0

           QRS sensitivity:  99.95% (2053/2054)
 QRS positive predictivity: 100.00% (2053/2053)
           VEB sensitivity:      -  (0/0)
 VEB positive predictivity:      -  (0/0)
          SVEB sensitivity:      -  (0/0)
SVEB positive predictivity:      -  (0/0)
     RMS RR interval error:   2.09 ms
Beat-by-beat comparison results for record 123
Reference annotator: atr
     Test annotator: pred

               Algorithm
        n    s    v    f    q    o    x
   ____________________________________
 N | 1269    0    0    0    0    0    0
 S |    0    0    0    0    0    0    0
 V |    0    0    0    0    0    0    0
 F |    0    0    0    0    0    0    0
 Q |    0    0    0    0    0    0    0
 O |    0    0    0    0    0
 X |    0    0    0    0    0

           QRS sensitivity: 100.00% (1269/1269)
 QRS positive predictivity: 100.00% (1269/1269)
           VEB sensitivity:      -  (0/0)
 VEB positive predictivity:      -  (0/0)
          SVEB sensitivity:      -  (0/0)
SVEB positive predictivity:      -  (0/0)
     RMS RR interval error:   1.21 ms
Beat-by-beat comparison results for record 124
Reference annotator: atr
     Test annotator: pred

               Algorithm
        n    s    v    f    q    o    x
   ____________________________________
 N | 1365    0    0    0    0    2    0
 S |    0    0    0    0    0    0    0
 V |    0    0    0    0    0    0    0
 F |    0    0    0    0    0    0    0
 Q |    0    0    0    0    0    0    0
 O |    0    0    0    0    0
 X |    0    0    0    0    0

           QRS sensitivity:  99.85% (1365/1367)
 QRS positive predictivity: 100.00% (1365/1365)
           VEB sensitivity:      -  (0/0)
 VEB positive predictivity:      -  (0/0)
          SVEB sensitivity:      -  (0/0)
SVEB positive predictivity:      -  (0/0)
     RMS RR interval error:  63.61 ms
Beat-by-beat comparison results for record 200
Reference annotator: atr
     Test annotator: pred

               Algorithm
        n    s    v    f    q    o    x
   ____________________________________
 N | 2164    0    0    0    0    4    0
 S |    0    0    0    0    0    0    0
 V |    0    0    0    0    0    0    0
 F |    0    0    0    0    0    0    0
 Q |    0    0    0    0    0    0    0
 O |    1    0    0    0    0
 X |    0    0    0    0    0

           QRS sensitivity:  99.82% (2164/2168)
 QRS positive predictivity:  99.95% (2164/2165)
           VEB sensitivity:      -  (0/0)
 VEB positive predictivity:      -  (0/0)
          SVEB sensitivity:      -  (0/0)
SVEB positive predictivity:      -  (0/0)
     RMS RR interval error:  26.43 ms
Beat-by-beat comparison results for record 201
Reference annotator: atr
     Test annotator: pred

               Algorithm
        n    s    v    f    q    o    x
   ____________________________________
 N | 1515    0    0    0    0    6    0
 S |    0    0    0    0    0    0    0
 V |    0    0    0    0    0    0    0
 F |    0    0    0    0    0    0    0
 Q |    0    0    0    0    0    0    0
 O |    0    0    0    0    0
 X |    0    0    0    0    0

           QRS sensitivity:  99.61% (1515/1521)
 QRS positive predictivity: 100.00% (1515/1515)
           VEB sensitivity:      -  (0/0)
 VEB positive predictivity:      -  (0/0)
          SVEB sensitivity:      -  (0/0)
SVEB positive predictivity:      -  (0/0)
     RMS RR interval error:  73.26 ms
Beat-by-beat comparison results for record 100
Reference annotator: atr
     Test annotator: pred

               Algorithm
        n    s    v    f    q    o    x
   ____________________________________
 N | 1901    0    0    0    0    1    0
 S |    0    0    0    0    0    0    0
 V |    0    0    0    0    0    0    0
 F |    0    0    0    0    0    0    0
 Q |    0    0    0    0    0    0    0
 O |    0    0    0    0    0
 X |    0    0    0    0    0

           QRS sensitivity:  99.95% (1901/1902)
 QRS positive predictivity: 100.00% (1901/1901)
           VEB sensitivity:      -  (0/0)
 VEB positive predictivity:      -  (0/0)
          SVEB sensitivity:      -  (0/0)
SVEB positive predictivity:      -  (0/0)
     RMS RR interval error:   2.25 ms
Beat-by-beat comparison results for record 101
Reference annotator: atr
     Test annotator: pred

               Algorithm
        n    s    v    f    q    o    x
   ____________________________________
 N | 1523    0    0    0    0    0    0
 S |    0    0    0    0    0    0    0
 V |    0    0    0    0    0    0    0
 F |    0    0    0    0    0    0    0
 Q |    0    0    0    0    0    0    0
 O |    0    0    0    0    0
 X |    0    0    0    0    0

           QRS sensitivity: 100.00% (1523/1523)
 QRS positive predictivity: 100.00% (1523/1523)
           VEB sensitivity:      -  (0/0)
 VEB positive predictivity:      -  (0/0)
          SVEB sensitivity:      -  (0/0)
SVEB positive predictivity:      -  (0/0)
     RMS RR interval error:   5.63 ms
Beat-by-beat comparison results for record 103
Reference annotator: atr
     Test annotator: pred

               Algorithm
        n    s    v    f    q    o    x
   ____________________________________
 N | 1729    0    0    0    0    0    0
 S |    0    0    0    0    0    0    0
 V |    0    0    0    0    0    0    0
 F |    0    0    0    0    0    0    0
 Q |    0    0    0    0    0    0    0
 O |    0    0    0    0    0
 X |    0    0    0    0    0

           QRS sensitivity: 100.00% (1729/1729)
 QRS positive predictivity: 100.00% (1729/1729)
           VEB sensitivity:      -  (0/0)
 VEB positive predictivity:      -  (0/0)
          SVEB sensitivity:      -  (0/0)
SVEB positive predictivity:      -  (0/0)
     RMS RR interval error:   1.86 ms
Beat-by-beat comparison results for record 105
Reference annotator: atr
     Test annotator: pred

               Algorithm
        n    s    v    f    q    o    x
   ____________________________________
 N | 2105    0    0    0    0   50    0
 S |    0    0    0    0    0    0    0
 V |    0    0    0    0    0    0    0
 F |    0    0    0    0    0    0    0
 Q |    0    0    0    0    0    0    0
 O |   24    0    0    0    0
 X |    0    0    0    0    0

           QRS sensitivity:  97.68% (2105/2155)
 QRS positive predictivity:  98.87% (2105/2129)
           VEB sensitivity:      -  (0/0)
 VEB positive predictivity:      -  (0/0)
          SVEB sensitivity:      -  (0/0)
SVEB positive predictivity:      -  (0/0)
     RMS RR interval error: 191.90 ms
Beat-by-beat comparison results for record 106
Reference annotator: atr
     Test annotator: pred

               Algorithm
        n    s    v    f    q    o    x
   ____________________________________
 N | 1696    0    0    0    0    0    0
 S |    0    0    0    0    0    0    0
 V |    0    0    0    0    0    0    0
 F |    0    0    0    0    0    0    0
 Q |    0    0    0    0    0    0    0
 O |    0    0    0    0    0
 X |    0    0    0    0    0

           QRS sensitivity: 100.00% (1696/1696)
 QRS positive predictivity: 100.00% (1696/1696)
           VEB sensitivity:      -  (0/0)
 VEB positive predictivity:      -  (0/0)
          SVEB sensitivity:      -  (0/0)
SVEB positive predictivity:      -  (0/0)
     RMS RR interval error:   8.42 ms
Beat-by-beat comparison results for record 108
Reference annotator: atr
     Test annotator: pred

               Algorithm
        n    s    v    f    q    o    x
   ____________________________________
 N | 1474    0    0    0    0    6    0
 S |    0    0    0    0    0    0    0
 V |    0    0    0    0    0    0    0
 F |    0    0    0    0    0    0    0
 Q |    0    0    0    0    0    0    0
 O |    7    0    0    0    0
 X |    0    0    0    0    0

           QRS sensitivity:  99.59% (1474/1480)
 QRS positive predictivity:  99.53% (1474/1481)
           VEB sensitivity:      -  (0/0)
 VEB positive predictivity:      -  (0/0)
          SVEB sensitivity:      -  (0/0)
SVEB positive predictivity:      -  (0/0)
     RMS RR interval error: 103.86 ms
Beat-by-beat comparison results for record 100
Reference annotator: atr
     Test annotator: pred

               Algorithm
        n    s    v    f    q    o    x
   ____________________________________
 N | 1901    0    0    0    0    1    0
 S |    0    0    0    0    0    0    0
 V |    0    0    0    0    0    0    0
 F |    0    0    0    0    0    0    0
 Q |    0    0    0    0    0    0    0
 O |    0    0    0    0    0
 X |    0    0    0    0    0

           QRS sensitivity:  99.95% (1901/1902)
 QRS positive predictivity: 100.00% (1901/1901)
           VEB sensitivity:      -  (0/0)
 VEB positive predictivity:      -  (0/0)
          SVEB sensitivity:      -  (0/0)
SVEB positive predictivity:      -  (0/0)
     RMS RR interval error:   2.25 ms
Beat-by-beat comparison results for record 101
Reference annotator: atr
     Test annotator: pred

               Algorithm
        n    s    v    f    q    o    x
   ____________________________________
 N | 1523    0    0    0    0    0    0
 S |    0    0    0    0    0    0    0
 V |    0    0    0    0    0    0    0
 F |    0    0    0    0    0    0    0
 Q |    0    0    0    0    0    0    0
 O |    0    0    0    0    0
 X |    0    0    0    0    0

           QRS sensitivity: 100.00% (1523/1523)
 QRS positive predictivity: 100.00% (1523/1523)
           VEB sensitivity:      -  (0/0)
 VEB positive predictivity:      -  (0/0)
          SVEB sensitivity:      -  (0/0)
SVEB positive predictivity:      -  (0/0)
     RMS RR interval error:   5.63 ms
Beat-by-beat comparison results for record 103
Reference annotator: atr
     Test annotator: pred

               Algorithm
        n    s    v    f    q    o    x
   ____________________________________
 N | 1729    0    0    0    0    0    0
 S |    0    0    0    0    0    0    0
 V |    0    0    0    0    0    0    0
 F |    0    0    0    0    0    0    0
 Q |    0    0    0    0    0    0    0
 O |    0    0    0    0    0
 X |    0    0    0    0    0

           QRS sensitivity: 100.00% (1729/1729)
 QRS positive predictivity: 100.00% (1729/1729)
           VEB sensitivity:      -  (0/0)
 VEB positive predictivity:      -  (0/0)
          SVEB sensitivity:      -  (0/0)
SVEB positive predictivity:      -  (0/0)
     RMS RR interval error:   1.86 ms
Beat-by-beat comparison results for record 105
Reference annotator: atr
     Test annotator: pred

               Algorithm
        n    s    v    f    q    o    x
   ____________________________________
 N | 2105    0    0    0    0   50    0
 S |    0    0    0    0    0    0    0
 V |    0    0    0    0    0    0    0
 F |    0    0    0    0    0    0    0
 Q |    0    0    0    0    0    0    0
 O |   24    0    0    0    0
 X |    0    0    0    0    0

           QRS sensitivity:  97.68% (2105/2155)
 QRS positive predictivity:  98.87% (2105/2129)
           VEB sensitivity:      -  (0/0)
 VEB positive predictivity:      -  (0/0)
          SVEB sensitivity:      -  (0/0)
SVEB positive predictivity:      -  (0/0)
     RMS RR interval error: 191.90 ms
Beat-by-beat comparison results for record 106
Reference annotator: atr
     Test annotator: pred

               Algorithm
        n    s    v    f    q    o    x
   ____________________________________
 N | 1696    0    0    0    0    0    0
 S |    0    0    0    0    0    0    0
 V |    0    0    0    0    0    0    0
 F |    0    0    0    0    0    0    0
 Q |    0    0    0    0    0    0    0
 O |    0    0    0    0    0
 X |    0    0    0    0    0

           QRS sensitivity: 100.00% (1696/1696)
 QRS positive predictivity: 100.00% (1696/1696)
           VEB sensitivity:      -  (0/0)
 VEB positive predictivity:      -  (0/0)
          SVEB sensitivity:      -  (0/0)
SVEB positive predictivity:      -  (0/0)
     RMS RR interval error:   8.42 ms
Beat-by-beat comparison results for record 108
Reference annotator: atr
     Test annotator: pred

               Algorithm
        n    s    v    f    q    o    x
   ____________________________________
 N | 1474    0    0    0    0    6    0
 S |    0    0    0    0    0    0    0
 V |    0    0    0    0    0    0    0
 F |    0    0    0    0    0    0    0
 Q |    0    0    0    0    0    0    0
 O |    7    0    0    0    0
 X |    0    0    0    0    0

           QRS sensitivity:  99.59% (1474/1480)
 QRS positive predictivity:  99.53% (1474/1481)
           VEB sensitivity:      -  (0/0)
 VEB positive predictivity:      -  (0/0)
          SVEB sensitivity:      -  (0/0)
SVEB positive predictivity:      -  (0/0)
     RMS RR interval error: 103.86 ms
Beat-by-beat comparison results for record 109
Reference annotator: atr
     Test annotator: pred

               Algorithm
        n    s    v    f    q    o    x
   ____________________________________
 N | 2097    0    0    0    0    2    0
 S |    0    0    0    0    0    0    0
 V |    0    0    0    0    0    0    0
 F |    0    0    0    0    0    0    0
 Q |    0    0    0    0    0    0    0
 O |    0    0    0    0    0
 X |    0    0    0    0    0

           QRS sensitivity:  99.90% (2097/2099)
 QRS positive predictivity: 100.00% (2097/2097)
           VEB sensitivity:      -  (0/0)
 VEB positive predictivity:      -  (0/0)
          SVEB sensitivity:      -  (0/0)
SVEB positive predictivity:      -  (0/0)
     RMS RR interval error:  20.42 ms
Beat-by-beat comparison results for record 111
Reference annotator: atr
     Test annotator: pred

               Algorithm
        n    s    v    f    q    o    x
   ____________________________________
 N | 1775    0    0    0    0    1    0
 S |    0    0    0    0    0    0    0
 V |    0    0    0    0    0    0    0
 F |    0    0    0    0    0    0    0
 Q |    0    0    0    0    0    0    0
 O |    2    0    0    0    0
 X |    0    0    0    0    0

           QRS sensitivity:  99.94% (1775/1776)
 QRS positive predictivity:  99.89% (1775/1777)
           VEB sensitivity:      -  (0/0)
 VEB positive predictivity:      -  (0/0)
          SVEB sensitivity:      -  (0/0)
SVEB positive predictivity:      -  (0/0)
     RMS RR interval error:  37.49 ms
Beat-by-beat comparison results for record 112
Reference annotator: atr
     Test annotator: pred

               Algorithm
        n    s    v    f    q    o    x
   ____________________________________
 N | 2111    0    0    0    0    0    0
 S |    0    0    0    0    0    0    0
 V |    0    0    0    0    0    0    0
 F |    0    0    0    0    0    0    0
 Q |    0    0    0    0    0    0    0
 O |    0    0    0    0    0
 X |    0    0    0    0    0

           QRS sensitivity: 100.00% (2111/2111)
 QRS positive predictivity: 100.00% (2111/2111)
           VEB sensitivity:      -  (0/0)
 VEB positive predictivity:      -  (0/0)
          SVEB sensitivity:      -  (0/0)
SVEB positive predictivity:      -  (0/0)
     RMS RR interval error:   1.57 ms
Beat-by-beat comparison results for record 113
Reference annotator: atr
     Test annotator: pred

               Algorithm
        n    s    v    f    q    o    x
   ____________________________________
 N | 1505    0    0    0    0    1    0
 S |    0    0    0    0    0    0    0
 V |    0    0    0    0    0    0    0
 F |    0    0    0    0    0    0    0
 Q |    0    0    0    0    0    0    0
 O |    0    0    0    0    0
 X |    0    0    0    0    0

           QRS sensitivity:  99.93% (1505/1506)
 QRS positive predictivity: 100.00% (1505/1505)
           VEB sensitivity:      -  (0/0)
 VEB positive predictivity:      -  (0/0)
          SVEB sensitivity:      -  (0/0)
SVEB positive predictivity:      -  (0/0)
     RMS RR interval error:   2.11 ms
Beat-by-beat comparison results for record 114
Reference annotator: atr
     Test annotator: pred

               Algorithm
        n    s    v    f    q    o    x
   ____________________________________
 N | 1602    0    0    0    0    2    0
 S |    0    0    0    0    0    0    0
 V |    0    0    0    0    0    0    0
 F |    0    0    0    0    0    0    0
 Q |    0    0    0    0    0    0    0
 O |    2    0    0    0    0
 X |    0    0    0    0    0

           QRS sensitivity:  99.88% (1602/1604)
 QRS positive predictivity:  99.88% (1602/1604)
           VEB sensitivity:      -  (0/0)
 VEB positive predictivity:      -  (0/0)
          SVEB sensitivity:      -  (0/0)
SVEB positive predictivity:      -  (0/0)
     RMS RR interval error:  35.24 ms
Beat-by-beat comparison results for record 115
Reference annotator: atr
     Test annotator: pred

               Algorithm
        n    s    v    f    q    o    x
   ____________________________________
 N | 1636    0    0    0    0    1    0
 S |    0    0    0    0    0    0    0
 V |    0    0    0    0    0    0    0
 F |    0    0    0    0    0    0    0
 Q |    0    0    0    0    0    0    0
 O |    0    0    0    0    0
 X |    0    0    0    0    0

           QRS sensitivity:  99.94% (1636/1637)
 QRS positive predictivity: 100.00% (1636/1636)
           VEB sensitivity:      -  (0/0)
 VEB positive predictivity:      -  (0/0)
          SVEB sensitivity:      -  (0/0)
SVEB positive predictivity:      -  (0/0)
     RMS RR interval error:   0.82 ms
Beat-by-beat comparison results for record 116
Reference annotator: atr
     Test annotator: pred

               Algorithm
        n    s    v    f    q    o    x
   ____________________________________
 N | 1994    0    0    0    0   23    0
 S |    0    0    0    0    0    0    0
 V |    0    0    0    0    0    0    0
 F |    0    0    0    0    0    0    0
 Q |    0    0    0    0    0    0    0
 O |    0    0    0    0    0
 X |    0    0    0    0    0

           QRS sensitivity:  98.86% (1994/2017)
 QRS positive predictivity: 100.00% (1994/1994)
           VEB sensitivity:      -  (0/0)
 VEB positive predictivity:      -  (0/0)
          SVEB sensitivity:      -  (0/0)
SVEB positive predictivity:      -  (0/0)
     RMS RR interval error: 684.80 ms
Beat-by-beat comparison results for record 117
Reference annotator: atr
     Test annotator: pred

               Algorithm
        n    s    v    f    q    o    x
   ____________________________________
 N | 1283    0    0    0    0    1    0
 S |    0    0    0    0    0    0    0
 V |    0    0    0    0    0    0    0
 F |    0    0    0    0    0    0    0
 Q |    0    0    0    0    0    0    0
 O |    0    0    0    0    0
 X |    0    0    0    0    0

           QRS sensitivity:  99.92% (1283/1284)
 QRS positive predictivity: 100.00% (1283/1283)
           VEB sensitivity:      -  (0/0)
 VEB positive predictivity:      -  (0/0)
          SVEB sensitivity:      -  (0/0)
SVEB positive predictivity:      -  (0/0)
     RMS RR interval error:   8.45 ms
Beat-by-beat comparison results for record 118
Reference annotator: atr
     Test annotator: pred

               Algorithm
        n    s    v    f    q    o    x
   ____________________________________
 N | 1916    0    0    0    0    0    0
 S |    0    0    0    0    0    0    0
 V |    0    0    0    0    0    0    0
 F |    0    0    0    0    0    0    0
 Q |    0    0    0    0    0    0    0
 O |    0    0    0    0    0
 X |    0    0    0    0    0

           QRS sensitivity: 100.00% (1916/1916)
 QRS positive predictivity: 100.00% (1916/1916)
           VEB sensitivity:      -  (0/0)
 VEB positive predictivity:      -  (0/0)
          SVEB sensitivity:      -  (0/0)
SVEB positive predictivity:      -  (0/0)
     RMS RR interval error:   3.43 ms
Beat-by-beat comparison results for record 119
Reference annotator: atr
     Test annotator: pred

               Algorithm
        n    s    v    f    q    o    x
   ____________________________________
 N | 1661    0    0    0    0    0    0
 S |    0    0    0    0    0    0    0
 V |    0    0    0    0    0    0    0
 F |    0    0    0    0    0    0    0
 Q |    0    0    0    0    0    0    0
 O |    0    0    0    0    0
 X |    0    0    0    0    0

           QRS sensitivity: 100.00% (1661/1661)
 QRS positive predictivity: 100.00% (1661/1661)
           VEB sensitivity:      -  (0/0)
 VEB positive predictivity:      -  (0/0)
          SVEB sensitivity:      -  (0/0)
SVEB positive predictivity:      -  (0/0)
     RMS RR interval error:   3.94 ms
Beat-by-beat comparison results for record 121
Reference annotator: atr
     Test annotator: pred

               Algorithm
        n    s    v    f    q    o    x
   ____________________________________
 N | 1558    0    0    0    0    2    0
 S |    0    0    0    0    0    0    0
 V |    0    0    0    0    0    0    0
 F |    0    0    0    0    0    0    0
 Q |    0    0    0    0    0    0    0
 O |    0    0    0    0    0
 X |    0    0    0    0    0

           QRS sensitivity:  99.87% (1558/1560)
 QRS positive predictivity: 100.00% (1558/1558)
           VEB sensitivity:      -  (0/0)
 VEB positive predictivity:      -  (0/0)
          SVEB sensitivity:      -  (0/0)
SVEB positive predictivity:      -  (0/0)
     RMS RR interval error:  71.09 ms
Beat-by-beat comparison results for record 122
Reference annotator: atr
     Test annotator: pred

               Algorithm
        n    s    v    f    q    o    x
   ____________________________________
 N | 2053    0    0    0    0    1    0
 S |    0    0    0    0    0    0    0
 V |    0    0    0    0    0    0    0
 F |    0    0    0    0    0    0    0
 Q |    0    0    0    0    0    0    0
 O |    0    0    0    0    0
 X |    0    0    0    0    0

           QRS sensitivity:  99.95% (2053/2054)
 QRS positive predictivity: 100.00% (2053/2053)
           VEB sensitivity:      -  (0/0)
 VEB positive predictivity:      -  (0/0)
          SVEB sensitivity:      -  (0/0)
SVEB positive predictivity:      -  (0/0)
     RMS RR interval error:   2.09 ms
Beat-by-beat comparison results for record 123
Reference annotator: atr
     Test annotator: pred

               Algorithm
        n    s    v    f    q    o    x
   ____________________________________
 N | 1269    0    0    0    0    0    0
 S |    0    0    0    0    0    0    0
 V |    0    0    0    0    0    0    0
 F |    0    0    0    0    0    0    0
 Q |    0    0    0    0    0    0    0
 O |    0    0    0    0    0
 X |    0    0    0    0    0

           QRS sensitivity: 100.00% (1269/1269)
 QRS positive predictivity: 100.00% (1269/1269)
           VEB sensitivity:      -  (0/0)
 VEB positive predictivity:      -  (0/0)
          SVEB sensitivity:      -  (0/0)
SVEB positive predictivity:      -  (0/0)
     RMS RR interval error:   1.21 ms
Beat-by-beat comparison results for record 124
Reference annotator: atr
     Test annotator: pred

               Algorithm
        n    s    v    f    q    o    x
   ____________________________________
 N | 1365    0    0    0    0    2    0
 S |    0    0    0    0    0    0    0
 V |    0    0    0    0    0    0    0
 F |    0    0    0    0    0    0    0
 Q |    0    0    0    0    0    0    0
 O |    0    0    0    0    0
 X |    0    0    0    0    0

           QRS sensitivity:  99.85% (1365/1367)
 QRS positive predictivity: 100.00% (1365/1365)
           VEB sensitivity:      -  (0/0)
 VEB positive predictivity:      -  (0/0)
          SVEB sensitivity:      -  (0/0)
SVEB positive predictivity:      -  (0/0)
     RMS RR interval error:  63.61 ms
Beat-by-beat comparison results for record 200
Reference annotator: atr
     Test annotator: pred

               Algorithm
        n    s    v    f    q    o    x
   ____________________________________
 N | 2164    0    0    0    0    4    0
 S |    0    0    0    0    0    0    0
 V |    0    0    0    0    0    0    0
 F |    0    0    0    0    0    0    0
 Q |    0    0    0    0    0    0    0
 O |    1    0    0    0    0
 X |    0    0    0    0    0

           QRS sensitivity:  99.82% (2164/2168)
 QRS positive predictivity:  99.95% (2164/2165)
           VEB sensitivity:      -  (0/0)
 VEB positive predictivity:      -  (0/0)
          SVEB sensitivity:      -  (0/0)
SVEB positive predictivity:      -  (0/0)
     RMS RR interval error:  26.43 ms
Beat-by-beat comparison results for record 201
Reference annotator: atr
     Test annotator: pred

               Algorithm
        n    s    v    f    q    o    x
   ____________________________________
 N | 1515    0    0    0    0    6    0
 S |    0    0    0    0    0    0    0
 V |    0    0    0    0    0    0    0
 F |    0    0    0    0    0    0    0
 Q |    0    0    0    0    0    0    0
 O |    0    0    0    0    0
 X |    0    0    0    0    0

           QRS sensitivity:  99.61% (1515/1521)
 QRS positive predictivity: 100.00% (1515/1515)
           VEB sensitivity:      -  (0/0)
 VEB positive predictivity:      -  (0/0)
          SVEB sensitivity:      -  (0/0)
SVEB positive predictivity:      -  (0/0)
     RMS RR interval error:  73.26 ms
Beat-by-beat comparison results for record 202
Reference annotator: atr
     Test annotator: pred

               Algorithm
        n    s    v    f    q    o    x
   ____________________________________
 N | 1870    0    0    0    0    1    0
 S |    0    0    0    0    0    0    0
 V |    0    0    0    0    0    0    0
 F |    0    0    0    0    0    0    0
 Q |    0    0    0    0    0    0    0
 O |    0    0    0    0    0
 X |    0    0    0    0    0

           QRS sensitivity:  99.95% (1870/1871)
 QRS positive predictivity: 100.00% (1870/1870)
           VEB sensitivity:      -  (0/0)
 VEB positive predictivity:      -  (0/0)
          SVEB sensitivity:      -  (0/0)
SVEB positive predictivity:      -  (0/0)
     RMS RR interval error:  32.93 ms
Beat-by-beat comparison results for record 203
Reference annotator: atr
     Test annotator: pred

               Algorithm
        n    s    v    f    q    o    x
   ____________________________________
 N | 2444    0    0    0    0   37    0
 S |    0    0    0    0    0    0    0
 V |    0    0    0    0    0    0    0
 F |    0    0    0    0    0    0    0
 Q |    0    0    0    0    0    0    0
 O |    6    0    0    0    0
 X |    0    0    0    0    0

           QRS sensitivity:  98.51% (2444/2481)
 QRS positive predictivity:  99.76% (2444/2450)
           VEB sensitivity:      -  (0/0)
 VEB positive predictivity:      -  (0/0)
          SVEB sensitivity:      -  (0/0)
SVEB positive predictivity:      -  (0/0)
     RMS RR interval error: 143.53 ms
Beat-by-beat comparison results for record 205
Reference annotator: atr
     Test annotator: pred

               Algorithm
        n    s    v    f    q    o    x
   ____________________________________
 N | 2197    0    0    0    0    4    0
 S |    0    0    0    0    0    0    0
 V |    0    0    0    0    0    0    0
 F |    0    0    0    0    0    0    0
 Q |    0    0    0    0    0    0    0
 O |    0    0    0    0    0
 X |    0    0    0    0    0

           QRS sensitivity:  99.82% (2197/2201)
 QRS positive predictivity: 100.00% (2197/2197)
           VEB sensitivity:      -  (0/0)
 VEB positive predictivity:      -  (0/0)
          SVEB sensitivity:      -  (0/0)
SVEB positive predictivity:      -  (0/0)
     RMS RR interval error:  51.71 ms
Beat-by-beat comparison results for record 207
Reference annotator: atr
     Test annotator: pred

               Algorithm
        n    s    v    f    q    o    x
   ____________________________________
 N | 1589    0    0    0    0    3    0
 S |    0    0    0    0    0    0    0
 V |    0    0    0    0    0    0    0
 F |    0    0    0    0    0    0    0
 Q |    0    0    0    0    0    0    0
 O |   67    0    0    0    0
 X |    0    0    0    0    0

           QRS sensitivity:  99.81% (1589/1592)
 QRS positive predictivity:  95.95% (1589/1656)
           VEB sensitivity:      -  (0/0)
 VEB positive predictivity:      -  (0/0)
          SVEB sensitivity:      -  (0/0)
SVEB positive predictivity:      -  (0/0)
     RMS RR interval error: 19806.97 ms
Beat-by-beat comparison results for record 208
Reference annotator: atr
     Test annotator: pred

               Algorithm
        n    s    v    f    q    o    x
   ____________________________________
 N | 2419    0    0    0    0   18    0
 S |    0    0    0    0    0    0    0
 V |    0    0    0    0    0    0    0
 F |    0    0    0    0    0    0    0
 Q |    0    0    0    0    0    0    0
 O |    1    0    0    0    0
 X |    0    0    0    0    0

           QRS sensitivity:  99.26% (2419/2437)
 QRS positive predictivity:  99.96% (2419/2420)
           VEB sensitivity:      -  (0/0)
 VEB positive predictivity:      -  (0/0)
          SVEB sensitivity:      -  (0/0)
SVEB positive predictivity:      -  (0/0)
     RMS RR interval error: 302.42 ms
Beat-by-beat comparison results for record 209
Reference annotator: atr
     Test annotator: pred

               Algorithm
        n    s    v    f    q    o    x
   ____________________________________
 N | 2519    0    0    0    0    0    0
 S |    0    0    0    0    0    0    0
 V |    0    0    0    0    0    0    0
 F |    0    0    0    0    0    0    0
 Q |    0    0    0    0    0    0    0
 O |    1    0    0    0    0
 X |    0    0    0    0    0

           QRS sensitivity: 100.00% (2519/2519)
 QRS positive predictivity:  99.96% (2519/2520)
           VEB sensitivity:      -  (0/0)
 VEB positive predictivity:      -  (0/0)
          SVEB sensitivity:      -  (0/0)
SVEB positive predictivity:      -  (0/0)
     RMS RR interval error:  10.50 ms
Beat-by-beat comparison results for record 210
Reference annotator: atr
     Test annotator: pred

               Algorithm
        n    s    v    f    q    o    x
   ____________________________________
 N | 2197    0    0    0    0    7    0
 S |    0    0    0    0    0    0    0
 V |    0    0    0    0    0    0    0
 F |    0    0    0    0    0    0    0
 Q |    0    0    0    0    0    0    0
 O |    2    0    0    0    0
 X |    0    0    0    0    0

           QRS sensitivity:  99.68% (2197/2204)
 QRS positive predictivity:  99.91% (2197/2199)
           VEB sensitivity:      -  (0/0)
 VEB positive predictivity:      -  (0/0)
          SVEB sensitivity:      -  (0/0)
SVEB positive predictivity:      -  (0/0)
     RMS RR interval error:  58.84 ms
Beat-by-beat comparison results for record 212
Reference annotator: atr
     Test annotator: pred

               Algorithm
        n    s    v    f    q    o    x
   ____________________________________
 N | 2284    0    0    0    0    1    0
 S |    0    0    0    0    0    0    0
 V |    0    0    0    0    0    0    0
 F |    0    0    0    0    0    0    0
 Q |    0    0    0    0    0    0    0
 O |    0    0    0    0    0
 X |    0    0    0    0    0

           QRS sensitivity:  99.96% (2284/2285)
 QRS positive predictivity: 100.00% (2284/2284)
           VEB sensitivity:      -  (0/0)
 VEB positive predictivity:      -  (0/0)
          SVEB sensitivity:      -  (0/0)
SVEB positive predictivity:      -  (0/0)
     RMS RR interval error:   1.75 ms
Beat-by-beat comparison results for record 213
Reference annotator: atr
     Test annotator: pred

               Algorithm
        n    s    v    f    q    o    x
   ____________________________________
 N | 2698    0    0    0    0    2    0
 S |    0    0    0    0    0    0    0
 V |    0    0    0    0    0    0    0
 F |    0    0    0    0    0    0    0
 Q |    0    0    0    0    0    0    0
 O |    0    0    0    0    0
 X |    0    0    0    0    0

           QRS sensitivity:  99.93% (2698/2700)
 QRS positive predictivity: 100.00% (2698/2698)
           VEB sensitivity:      -  (0/0)
 VEB positive predictivity:      -  (0/0)
          SVEB sensitivity:      -  (0/0)
SVEB positive predictivity:      -  (0/0)
     RMS RR interval error:  18.27 ms
Beat-by-beat comparison results for record 214
Reference annotator: atr
     Test annotator: pred

               Algorithm
        n    s    v    f    q    o    x
   ____________________________________
 N | 1878    0    0    0    0    1    0
 S |    0    0    0    0    0    0    0
 V |    0    0    0    0    0    0    0
 F |    0    0    0    0    0    0    0
 Q |    0    0    0    0    0    0    0
 O |    0    0    0    0    0
 X |    0    0    0    0    0

           QRS sensitivity:  99.95% (1878/1879)
 QRS positive predictivity: 100.00% (1878/1878)
           VEB sensitivity:      -  (0/0)
 VEB positive predictivity:      -  (0/0)
          SVEB sensitivity:      -  (0/0)
SVEB positive predictivity:      -  (0/0)
     RMS RR interval error:  48.33 ms
Beat-by-beat comparison results for record 215
Reference annotator: atr
     Test annotator: pred

               Algorithm
        n    s    v    f    q    o    x
   ____________________________________
 N | 2795    0    0    0    0    0    0
 S |    0    0    0    0    0    0    0
 V |    0    0    0    0    0    0    0
 F |    0    0    0    0    0    0    0
 Q |    0    0    0    0    0    0    0
 O |    0    0    0    0    0
 X |    0    0    0    0    0

           QRS sensitivity: 100.00% (2795/2795)
 QRS positive predictivity: 100.00% (2795/2795)
           VEB sensitivity:      -  (0/0)
 VEB positive predictivity:      -  (0/0)
          SVEB sensitivity:      -  (0/0)
SVEB positive predictivity:      -  (0/0)
     RMS RR interval error:   1.17 ms
Beat-by-beat comparison results for record 219
Reference annotator: atr
     Test annotator: pred

               Algorithm
        n    s    v    f    q    o    x
   ____________________________________
 N | 1773    0    0    0    0    0    0
 S |    0    0    0    0    0    0    0
 V |    0    0    0    0    0    0    0
 F |    0    0    0    0    0    0    0
 Q |    0    0    0    0    0    0    0
 O |    0    0    0    0    0
 X |    0    0    0    0    0

           QRS sensitivity: 100.00% (1773/1773)
 QRS positive predictivity: 100.00% (1773/1773)
           VEB sensitivity:      -  (0/0)
 VEB positive predictivity:      -  (0/0)
          SVEB sensitivity:      -  (0/0)
SVEB positive predictivity:      -  (0/0)
     RMS RR interval error:   4.10 ms
Beat-by-beat comparison results for record 220
Reference annotator: atr
     Test annotator: pred

               Algorithm
        n    s    v    f    q    o    x
   ____________________________________
 N | 1693    0    0    0    0    1    0
 S |    0    0    0    0    0    0    0
 V |    0    0    0    0    0    0    0
 F |    0    0    0    0    0    0    0
 Q |    0    0    0    0    0    0    0
 O |    0    0    0    0    0
 X |    0    0    0    0    0

           QRS sensitivity:  99.94% (1693/1694)
 QRS positive predictivity: 100.00% (1693/1693)
           VEB sensitivity:      -  (0/0)
 VEB positive predictivity:      -  (0/0)
          SVEB sensitivity:      -  (0/0)
SVEB positive predictivity:      -  (0/0)
     RMS RR interval error:   1.25 ms
Beat-by-beat comparison results for record 221
Reference annotator: atr
     Test annotator: pred

               Algorithm
        n    s    v    f    q    o    x
   ____________________________________
 N | 2019    0    0    0    0    1    0
 S |    0    0    0    0    0    0    0
 V |    0    0    0    0    0    0    0
 F |    0    0    0    0    0    0    0
 Q |    0    0    0    0    0    0    0
 O |    0    0    0    0    0
 X |    0    0    0    0    0

           QRS sensitivity:  99.95% (2019/2020)
 QRS positive predictivity: 100.00% (2019/2019)
           VEB sensitivity:      -  (0/0)
 VEB positive predictivity:      -  (0/0)
          SVEB sensitivity:      -  (0/0)
SVEB positive predictivity:      -  (0/0)
     RMS RR interval error:  26.33 ms
Beat-by-beat comparison results for record 222
Reference annotator: atr
     Test annotator: pred

               Algorithm
        n    s    v    f    q    o    x
   ____________________________________
 N | 2106    0    0    0    0   10    0
 S |    0    0    0    0    0    0    0
 V |    0    0    0    0    0    0    0
 F |    0    0    0    0    0    0    0
 Q |    0    0    0    0    0    0    0
 O |    3    0    0    0    0
 X |    0    0    0    0    0

           QRS sensitivity:  99.53% (2106/2116)
 QRS positive predictivity:  99.86% (2106/2109)
           VEB sensitivity:      -  (0/0)
 VEB positive predictivity:      -  (0/0)
          SVEB sensitivity:      -  (0/0)
SVEB positive predictivity:      -  (0/0)
     RMS RR interval error:  53.82 ms
Beat-by-beat comparison results for record 223
Reference annotator: atr
     Test annotator: pred

               Algorithm
        n    s    v    f    q    o    x
   ____________________________________
 N | 2197    0    0    0    0    2    0
 S |    0    0    0    0    0    0    0
 V |    0    0    0    0    0    0    0
 F |    0    0    0    0    0    0    0
 Q |    0    0    0    0    0    0    0
 O |    0    0    0    0    0
 X |    0    0    0    0    0

           QRS sensitivity:  99.91% (2197/2199)
 QRS positive predictivity: 100.00% (2197/2197)
           VEB sensitivity:      -  (0/0)
 VEB positive predictivity:      -  (0/0)
          SVEB sensitivity:      -  (0/0)
SVEB positive predictivity:      -  (0/0)
     RMS RR interval error:  50.98 ms
Beat-by-beat comparison results for record 228
Reference annotator: atr
     Test annotator: pred

               Algorithm
        n    s    v    f    q    o    x
   ____________________________________
 N | 1686    0    0    0    0   17    0
 S |    0    0    0    0    0    0    0
 V |    0    0    0    0    0    0    0
 F |    0    0    0    0    0    0    0
 Q |    0    0    0    0    0    0    0
 O |    8    0    0    0    0
 X |    0    0    0    0    0

           QRS sensitivity:  99.00% (1686/1703)
 QRS positive predictivity:  99.53% (1686/1694)
           VEB sensitivity:      -  (0/0)
 VEB positive predictivity:      -  (0/0)
          SVEB sensitivity:      -  (0/0)
SVEB positive predictivity:      -  (0/0)
     RMS RR interval error: 170.21 ms
Beat-by-beat comparison results for record 230
Reference annotator: atr
     Test annotator: pred

               Algorithm
        n    s    v    f    q    o    x
   ____________________________________
 N | 1859    0    0    0    0    0    0
 S |    0    0    0    0    0    0    0
 V |    0    0    0    0    0    0    0
 F |    0    0    0    0    0    0    0
 Q |    0    0    0    0    0    0    0
 O |    0    0    0    0    0
 X |    0    0    0    0    0

           QRS sensitivity: 100.00% (1859/1859)
 QRS positive predictivity: 100.00% (1859/1859)
           VEB sensitivity:      -  (0/0)
 VEB positive predictivity:      -  (0/0)
          SVEB sensitivity:      -  (0/0)
SVEB positive predictivity:      -  (0/0)
     RMS RR interval error:   1.09 ms
Beat-by-beat comparison results for record 231
Reference annotator: atr
     Test annotator: pred

               Algorithm
        n    s    v    f    q    o    x
   ____________________________________
 N | 1278    0    0    0    0    0    0
 S |    0    0    0    0    0    0    0
 V |    0    0    0    0    0    0    0
 F |    0    0    0    0    0    0    0
 Q |    0    0    0    0    0    0    0
 O |    0    0    0    0    0
 X |    0    0    0    0    0

           QRS sensitivity: 100.00% (1278/1278)
 QRS positive predictivity: 100.00% (1278/1278)
           VEB sensitivity:      -  (0/0)
 VEB positive predictivity:      -  (0/0)
          SVEB sensitivity:      -  (0/0)
SVEB positive predictivity:      -  (0/0)
     RMS RR interval error:   2.47 ms
Beat-by-beat comparison results for record 232
Reference annotator: atr
     Test annotator: pred

               Algorithm
        n    s    v    f    q    o    x
   ____________________________________
 N | 1485    0    0    0    0    0    0
 S |    0    0    0    0    0    0    0
 V |    0    0    0    0    0    0    0
 F |    0    0    0    0    0    0    0
 Q |    0    0    0    0    0    0    0
 O |    7    0    0    0    0
 X |    0    0    0    0    0

           QRS sensitivity: 100.00% (1485/1485)
 QRS positive predictivity:  99.53% (1485/1492)
           VEB sensitivity:      -  (0/0)
 VEB positive predictivity:      -  (0/0)
          SVEB sensitivity:      -  (0/0)
SVEB positive predictivity:      -  (0/0)
     RMS RR interval error:  76.67 ms
Beat-by-beat comparison results for record 233
Reference annotator: atr
     Test annotator: pred

               Algorithm
        n    s    v    f    q    o    x
   ____________________________________
 N | 2559    0    0    0    0    2    0
 S |    0    0    0    0    0    0    0
 V |    0    0    0    0    0    0    0
 F |    0    0    0    0    0    0    0
 Q |    0    0    0    0    0    0    0
 O |    0    0    0    0    0
 X |    0    0    0    0    0

           QRS sensitivity:  99.92% (2559/2561)
 QRS positive predictivity: 100.00% (2559/2559)
           VEB sensitivity:      -  (0/0)
 VEB positive predictivity:      -  (0/0)
          SVEB sensitivity:      -  (0/0)
SVEB positive predictivity:      -  (0/0)
     RMS RR interval error:  17.70 ms
Beat-by-beat comparison results for record 234
Reference annotator: atr
     Test annotator: pred

               Algorithm
        n    s    v    f    q    o    x
   ____________________________________
 N | 2291    0    0    0    0    0    0
 S |    0    0    0    0    0    0    0
 V |    0    0    0    0    0    0    0
 F |    0    0    0    0    0    0    0
 Q |    0    0    0    0    0    0    0
 O |    0    0    0    0    0
 X |    0    0    0    0    0

           QRS sensitivity: 100.00% (2291/2291)
 QRS positive predictivity: 100.00% (2291/2291)
           VEB sensitivity:      -  (0/0)
 VEB positive predictivity:      -  (0/0)
          SVEB sensitivity:      -  (0/0)
SVEB positive predictivity:      -  (0/0)
     RMS RR interval error:   2.05 ms
Beat-by-beat comparison results for record 100
Reference annotator: atr
     Test annotator: pred

               Algorithm
        n    s    v    f    q    o    x
   ____________________________________
 N | 1901    0    0    0    0    1    0
 S |    0    0    0    0    0    0    0
 V |    0    0    0    0    0    0    0
 F |    0    0    0    0    0    0    0
 Q |    0    0    0    0    0    0    0
 O |    0    0    0    0    0
 X |    0    0    0    0    0

           QRS sensitivity:  99.95% (1901/1902)
 QRS positive predictivity: 100.00% (1901/1901)
           VEB sensitivity:      -  (0/0)
 VEB positive predictivity:      -  (0/0)
          SVEB sensitivity:      -  (0/0)
SVEB positive predictivity:      -  (0/0)
     RMS RR interval error:   2.25 ms
Beat-by-beat comparison results for record 101
Reference annotator: atr
     Test annotator: pred

               Algorithm
        n    s    v    f    q    o    x
   ____________________________________
 N | 1523    0    0    0    0    0    0
 S |    0    0    0    0    0    0    0
 V |    0    0    0    0    0    0    0
 F |    0    0    0    0    0    0    0
 Q |    0    0    0    0    0    0    0
 O |    0    0    0    0    0
 X |    0    0    0    0    0

           QRS sensitivity: 100.00% (1523/1523)
 QRS positive predictivity: 100.00% (1523/1523)
           VEB sensitivity:      -  (0/0)
 VEB positive predictivity:      -  (0/0)
          SVEB sensitivity:      -  (0/0)
SVEB positive predictivity:      -  (0/0)
     RMS RR interval error:   5.63 ms
Beat-by-beat comparison results for record 103
Reference annotator: atr
     Test annotator: pred

               Algorithm
        n    s    v    f    q    o    x
   ____________________________________
 N | 1729    0    0    0    0    0    0
 S |    0    0    0    0    0    0    0
 V |    0    0    0    0    0    0    0
 F |    0    0    0    0    0    0    0
 Q |    0    0    0    0    0    0    0
 O |    0    0    0    0    0
 X |    0    0    0    0    0

           QRS sensitivity: 100.00% (1729/1729)
 QRS positive predictivity: 100.00% (1729/1729)
           VEB sensitivity:      -  (0/0)
 VEB positive predictivity:      -  (0/0)
          SVEB sensitivity:      -  (0/0)
SVEB positive predictivity:      -  (0/0)
     RMS RR interval error:   1.86 ms
Beat-by-beat comparison results for record 100
Reference annotator: atr
     Test annotator: pred

               Algorithm
        n    s    v    f    q    o    x
   ____________________________________
 N | 1901    0    0    0    0    1    0
 S |    0    0    0    0    0    0    0
 V |    0    0    0    0    0    0    0
 F |    0    0    0    0    0    0    0
 Q |    0    0    0    0    0    0    0
 O |    0    0    0    0    0
 X |    0    0    0    0    0

           QRS sensitivity:  99.95% (1901/1902)
 QRS positive predictivity: 100.00% (1901/1901)
           VEB sensitivity:      -  (0/0)
 VEB positive predictivity:      -  (0/0)
          SVEB sensitivity:      -  (0/0)
SVEB positive predictivity:      -  (0/0)
     RMS RR interval error:   2.25 ms
Beat-by-beat comparison results for record 101
Reference annotator: atr
     Test annotator: pred

               Algorithm
        n    s    v    f    q    o    x
   ____________________________________
 N | 1523    0    0    0    0    0    0
 S |    0    0    0    0    0    0    0
 V |    0    0    0    0    0    0    0
 F |    0    0    0    0    0    0    0
 Q |    0    0    0    0    0    0    0
 O |    0    0    0    0    0
 X |    0    0    0    0    0

           QRS sensitivity: 100.00% (1523/1523)
 QRS positive predictivity: 100.00% (1523/1523)
           VEB sensitivity:      -  (0/0)
 VEB positive predictivity:      -  (0/0)
          SVEB sensitivity:      -  (0/0)
SVEB positive predictivity:      -  (0/0)
     RMS RR interval error:   5.63 ms
Beat-by-beat comparison results for record 103
Reference annotator: atr
     Test annotator: pred

               Algorithm
        n    s    v    f    q    o    x
   ____________________________________
 N | 1729    0    0    0    0    0    0
 S |    0    0    0    0    0    0    0
 V |    0    0    0    0    0    0    0
 F |    0    0    0    0    0    0    0
 Q |    0    0    0    0    0    0    0
 O |    0    0    0    0    0
 X |    0    0    0    0    0

           QRS sensitivity: 100.00% (1729/1729)
 QRS positive predictivity: 100.00% (1729/1729)
           VEB sensitivity:      -  (0/0)
 VEB positive predictivity:      -  (0/0)
          SVEB sensitivity:      -  (0/0)
SVEB positive predictivity:      -  (0/0)
     RMS RR interval error:   1.86 ms
Beat-by-beat comparison results for record 105
Reference annotator: atr
     Test annotator: pred

               Algorithm
        n    s    v    f    q    o    x
   ____________________________________
 N | 2105    0    0    0    0   50    0
 S |    0    0    0    0    0    0    0
 V |    0    0    0    0    0    0    0
 F |    0    0    0    0    0    0    0
 Q |    0    0    0    0    0    0    0
 O |   24    0    0    0    0
 X |    0    0    0    0    0

           QRS sensitivity:  97.68% (2105/2155)
 QRS positive predictivity:  98.87% (2105/2129)
           VEB sensitivity:      -  (0/0)
 VEB positive predictivity:      -  (0/0)
          SVEB sensitivity:      -  (0/0)
SVEB positive predictivity:      -  (0/0)
     RMS RR interval error: 191.90 ms
Beat-by-beat comparison results for record 106
Reference annotator: atr
     Test annotator: pred

               Algorithm
        n    s    v    f    q    o    x
   ____________________________________
 N | 1696    0    0    0    0    0    0
 S |    0    0    0    0    0    0    0
 V |    0    0    0    0    0    0    0
 F |    0    0    0    0    0    0    0
 Q |    0    0    0    0    0    0    0
 O |    0    0    0    0    0
 X |    0    0    0    0    0

           QRS sensitivity: 100.00% (1696/1696)
 QRS positive predictivity: 100.00% (1696/1696)
           VEB sensitivity:      -  (0/0)
 VEB positive predictivity:      -  (0/0)
          SVEB sensitivity:      -  (0/0)
SVEB positive predictivity:      -  (0/0)
     RMS RR interval error:   8.42 ms
Beat-by-beat comparison results for record 108
Reference annotator: atr
     Test annotator: pred

               Algorithm
        n    s    v    f    q    o    x
   ____________________________________
 N | 1474    0    0    0    0    6    0
 S |    0    0    0    0    0    0    0
 V |    0    0    0    0    0    0    0
 F |    0    0    0    0    0    0    0
 Q |    0    0    0    0    0    0    0
 O |    7    0    0    0    0
 X |    0    0    0    0    0

           QRS sensitivity:  99.59% (1474/1480)
 QRS positive predictivity:  99.53% (1474/1481)
           VEB sensitivity:      -  (0/0)
 VEB positive predictivity:      -  (0/0)
          SVEB sensitivity:      -  (0/0)
SVEB positive predictivity:      -  (0/0)
     RMS RR interval error: 103.86 ms
Beat-by-beat comparison results for record 109
Reference annotator: atr
     Test annotator: pred

               Algorithm
        n    s    v    f    q    o    x
   ____________________________________
 N | 2097    0    0    0    0    2    0
 S |    0    0    0    0    0    0    0
 V |    0    0    0    0    0    0    0
 F |    0    0    0    0    0    0    0
 Q |    0    0    0    0    0    0    0
 O |    0    0    0    0    0
 X |    0    0    0    0    0

           QRS sensitivity:  99.90% (2097/2099)
 QRS positive predictivity: 100.00% (2097/2097)
           VEB sensitivity:      -  (0/0)
 VEB positive predictivity:      -  (0/0)
          SVEB sensitivity:      -  (0/0)
SVEB positive predictivity:      -  (0/0)
     RMS RR interval error:  20.42 ms
Beat-by-beat comparison results for record 111
Reference annotator: atr
     Test annotator: pred

               Algorithm
        n    s    v    f    q    o    x
   ____________________________________
 N | 1775    0    0    0    0    1    0
 S |    0    0    0    0    0    0    0
 V |    0    0    0    0    0    0    0
 F |    0    0    0    0    0    0    0
 Q |    0    0    0    0    0    0    0
 O |    2    0    0    0    0
 X |    0    0    0    0    0

           QRS sensitivity:  99.94% (1775/1776)
 QRS positive predictivity:  99.89% (1775/1777)
           VEB sensitivity:      -  (0/0)
 VEB positive predictivity:      -  (0/0)
          SVEB sensitivity:      -  (0/0)
SVEB positive predictivity:      -  (0/0)
     RMS RR interval error:  37.49 ms
Beat-by-beat comparison results for record 112
Reference annotator: atr
     Test annotator: pred

               Algorithm
        n    s    v    f    q    o    x
   ____________________________________
 N | 2111    0    0    0    0    0    0
 S |    0    0    0    0    0    0    0
 V |    0    0    0    0    0    0    0
 F |    0    0    0    0    0    0    0
 Q |    0    0    0    0    0    0    0
 O |    0    0    0    0    0
 X |    0    0    0    0    0

           QRS sensitivity: 100.00% (2111/2111)
 QRS positive predictivity: 100.00% (2111/2111)
           VEB sensitivity:      -  (0/0)
 VEB positive predictivity:      -  (0/0)
          SVEB sensitivity:      -  (0/0)
SVEB positive predictivity:      -  (0/0)
     RMS RR interval error:   1.57 ms
Beat-by-beat comparison results for record 113
Reference annotator: atr
     Test annotator: pred

               Algorithm
        n    s    v    f    q    o    x
   ____________________________________
 N | 1505    0    0    0    0    1    0
 S |    0    0    0    0    0    0    0
 V |    0    0    0    0    0    0    0
 F |    0    0    0    0    0    0    0
 Q |    0    0    0    0    0    0    0
 O |    0    0    0    0    0
 X |    0    0    0    0    0

           QRS sensitivity:  99.93% (1505/1506)
 QRS positive predictivity: 100.00% (1505/1505)
           VEB sensitivity:      -  (0/0)
 VEB positive predictivity:      -  (0/0)
          SVEB sensitivity:      -  (0/0)
SVEB positive predictivity:      -  (0/0)
     RMS RR interval error:   2.11 ms
Beat-by-beat comparison results for record 114
Reference annotator: atr
     Test annotator: pred

               Algorithm
        n    s    v    f    q    o    x
   ____________________________________
 N | 1602    0    0    0    0    2    0
 S |    0    0    0    0    0    0    0
 V |    0    0    0    0    0    0    0
 F |    0    0    0    0    0    0    0
 Q |    0    0    0    0    0    0    0
 O |    2    0    0    0    0
 X |    0    0    0    0    0

           QRS sensitivity:  99.88% (1602/1604)
 QRS positive predictivity:  99.88% (1602/1604)
           VEB sensitivity:      -  (0/0)
 VEB positive predictivity:      -  (0/0)
          SVEB sensitivity:      -  (0/0)
SVEB positive predictivity:      -  (0/0)
     RMS RR interval error:  35.24 ms
Beat-by-beat comparison results for record 115
Reference annotator: atr
     Test annotator: pred

               Algorithm
        n    s    v    f    q    o    x
   ____________________________________
 N | 1636    0    0    0    0    1    0
 S |    0    0    0    0    0    0    0
 V |    0    0    0    0    0    0    0
 F |    0    0    0    0    0    0    0
 Q |    0    0    0    0    0    0    0
 O |    0    0    0    0    0
 X |    0    0    0    0    0

           QRS sensitivity:  99.94% (1636/1637)
 QRS positive predictivity: 100.00% (1636/1636)
           VEB sensitivity:      -  (0/0)
 VEB positive predictivity:      -  (0/0)
          SVEB sensitivity:      -  (0/0)
SVEB positive predictivity:      -  (0/0)
     RMS RR interval error:   0.82 ms
Beat-by-beat comparison results for record 116
Reference annotator: atr
     Test annotator: pred

               Algorithm
        n    s    v    f    q    o    x
   ____________________________________
 N | 1994    0    0    0    0   23    0
 S |    0    0    0    0    0    0    0
 V |    0    0    0    0    0    0    0
 F |    0    0    0    0    0    0    0
 Q |    0    0    0    0    0    0    0
 O |    0    0    0    0    0
 X |    0    0    0    0    0

           QRS sensitivity:  98.86% (1994/2017)
 QRS positive predictivity: 100.00% (1994/1994)
           VEB sensitivity:      -  (0/0)
 VEB positive predictivity:      -  (0/0)
          SVEB sensitivity:      -  (0/0)
SVEB positive predictivity:      -  (0/0)
     RMS RR interval error: 684.80 ms
Beat-by-beat comparison results for record 117
Reference annotator: atr
     Test annotator: pred

               Algorithm
        n    s    v    f    q    o    x
   ____________________________________
 N | 1283    0    0    0    0    1    0
 S |    0    0    0    0    0    0    0
 V |    0    0    0    0    0    0    0
 F |    0    0    0    0    0    0    0
 Q |    0    0    0    0    0    0    0
 O |    0    0    0    0    0
 X |    0    0    0    0    0

           QRS sensitivity:  99.92% (1283/1284)
 QRS positive predictivity: 100.00% (1283/1283)
           VEB sensitivity:      -  (0/0)
 VEB positive predictivity:      -  (0/0)
          SVEB sensitivity:      -  (0/0)
SVEB positive predictivity:      -  (0/0)
     RMS RR interval error:   8.45 ms
Beat-by-beat comparison results for record 118
Reference annotator: atr
     Test annotator: pred

               Algorithm
        n    s    v    f    q    o    x
   ____________________________________
 N | 1916    0    0    0    0    0    0
 S |    0    0    0    0    0    0    0
 V |    0    0    0    0    0    0    0
 F |    0    0    0    0    0    0    0
 Q |    0    0    0    0    0    0    0
 O |    0    0    0    0    0
 X |    0    0    0    0    0

           QRS sensitivity: 100.00% (1916/1916)
 QRS positive predictivity: 100.00% (1916/1916)
           VEB sensitivity:      -  (0/0)
 VEB positive predictivity:      -  (0/0)
          SVEB sensitivity:      -  (0/0)
SVEB positive predictivity:      -  (0/0)
     RMS RR interval error:   3.43 ms
Beat-by-beat comparison results for record 119
Reference annotator: atr
     Test annotator: pred

               Algorithm
        n    s    v    f    q    o    x
   ____________________________________
 N | 1661    0    0    0    0    0    0
 S |    0    0    0    0    0    0    0
 V |    0    0    0    0    0    0    0
 F |    0    0    0    0    0    0    0
 Q |    0    0    0    0    0    0    0
 O |    0    0    0    0    0
 X |    0    0    0    0    0

           QRS sensitivity: 100.00% (1661/1661)
 QRS positive predictivity: 100.00% (1661/1661)
           VEB sensitivity:      -  (0/0)
 VEB positive predictivity:      -  (0/0)
          SVEB sensitivity:      -  (0/0)
SVEB positive predictivity:      -  (0/0)
     RMS RR interval error:   3.94 ms
Beat-by-beat comparison results for record 121
Reference annotator: atr
     Test annotator: pred

               Algorithm
        n    s    v    f    q    o    x
   ____________________________________
 N | 1558    0    0    0    0    2    0
 S |    0    0    0    0    0    0    0
 V |    0    0    0    0    0    0    0
 F |    0    0    0    0    0    0    0
 Q |    0    0    0    0    0    0    0
 O |    0    0    0    0    0
 X |    0    0    0    0    0

           QRS sensitivity:  99.87% (1558/1560)
 QRS positive predictivity: 100.00% (1558/1558)
           VEB sensitivity:      -  (0/0)
 VEB positive predictivity:      -  (0/0)
          SVEB sensitivity:      -  (0/0)
SVEB positive predictivity:      -  (0/0)
     RMS RR interval error:  71.09 ms
Beat-by-beat comparison results for record 122
Reference annotator: atr
     Test annotator: pred

               Algorithm
        n    s    v    f    q    o    x
   ____________________________________
 N | 2053    0    0    0    0    1    0
 S |    0    0    0    0    0    0    0
 V |    0    0    0    0    0    0    0
 F |    0    0    0    0    0    0    0
 Q |    0    0    0    0    0    0    0
 O |    0    0    0    0    0
 X |    0    0    0    0    0

           QRS sensitivity:  99.95% (2053/2054)
 QRS positive predictivity: 100.00% (2053/2053)
           VEB sensitivity:      -  (0/0)
 VEB positive predictivity:      -  (0/0)
          SVEB sensitivity:      -  (0/0)
SVEB positive predictivity:      -  (0/0)
     RMS RR interval error:   2.09 ms
Beat-by-beat comparison results for record 123
Reference annotator: atr
     Test annotator: pred

               Algorithm
        n    s    v    f    q    o    x
   ____________________________________
 N | 1269    0    0    0    0    0    0
 S |    0    0    0    0    0    0    0
 V |    0    0    0    0    0    0    0
 F |    0    0    0    0    0    0    0
 Q |    0    0    0    0    0    0    0
 O |    0    0    0    0    0
 X |    0    0    0    0    0

           QRS sensitivity: 100.00% (1269/1269)
 QRS positive predictivity: 100.00% (1269/1269)
           VEB sensitivity:      -  (0/0)
 VEB positive predictivity:      -  (0/0)
          SVEB sensitivity:      -  (0/0)
SVEB positive predictivity:      -  (0/0)
     RMS RR interval error:   1.21 ms
Beat-by-beat comparison results for record 124
Reference annotator: atr
     Test annotator: pred

               Algorithm
        n    s    v    f    q    o    x
   ____________________________________
 N | 1365    0    0    0    0    2    0
 S |    0    0    0    0    0    0    0
 V |    0    0    0    0    0    0    0
 F |    0    0    0    0    0    0    0
 Q |    0    0    0    0    0    0    0
 O |    0    0    0    0    0
 X |    0    0    0    0    0

           QRS sensitivity:  99.85% (1365/1367)
 QRS positive predictivity: 100.00% (1365/1365)
           VEB sensitivity:      -  (0/0)
 VEB positive predictivity:      -  (0/0)
          SVEB sensitivity:      -  (0/0)
SVEB positive predictivity:      -  (0/0)
     RMS RR interval error:  63.61 ms
Beat-by-beat comparison results for record 200
Reference annotator: atr
     Test annotator: pred

               Algorithm
        n    s    v    f    q    o    x
   ____________________________________
 N | 2164    0    0    0    0    4    0
 S |    0    0    0    0    0    0    0
 V |    0    0    0    0    0    0    0
 F |    0    0    0    0    0    0    0
 Q |    0    0    0    0    0    0    0
 O |    1    0    0    0    0
 X |    0    0    0    0    0

           QRS sensitivity:  99.82% (2164/2168)
 QRS positive predictivity:  99.95% (2164/2165)
           VEB sensitivity:      -  (0/0)
 VEB positive predictivity:      -  (0/0)
          SVEB sensitivity:      -  (0/0)
SVEB positive predictivity:      -  (0/0)
     RMS RR interval error:  26.43 ms
Beat-by-beat comparison results for record 201
Reference annotator: atr
     Test annotator: pred

               Algorithm
        n    s    v    f    q    o    x
   ____________________________________
 N | 1515    0    0    0    0    6    0
 S |    0    0    0    0    0    0    0
 V |    0    0    0    0    0    0    0
 F |    0    0    0    0    0    0    0
 Q |    0    0    0    0    0    0    0
 O |    0    0    0    0    0
 X |    0    0    0    0    0

           QRS sensitivity:  99.61% (1515/1521)
 QRS positive predictivity: 100.00% (1515/1515)
           VEB sensitivity:      -  (0/0)
 VEB positive predictivity:      -  (0/0)
          SVEB sensitivity:      -  (0/0)
SVEB positive predictivity:      -  (0/0)
     RMS RR interval error:  73.26 ms
Beat-by-beat comparison results for record 202
Reference annotator: atr
     Test annotator: pred

               Algorithm
        n    s    v    f    q    o    x
   ____________________________________
 N | 1870    0    0    0    0    1    0
 S |    0    0    0    0    0    0    0
 V |    0    0    0    0    0    0    0
 F |    0    0    0    0    0    0    0
 Q |    0    0    0    0    0    0    0
 O |    0    0    0    0    0
 X |    0    0    0    0    0

           QRS sensitivity:  99.95% (1870/1871)
 QRS positive predictivity: 100.00% (1870/1870)
           VEB sensitivity:      -  (0/0)
 VEB positive predictivity:      -  (0/0)
          SVEB sensitivity:      -  (0/0)
SVEB positive predictivity:      -  (0/0)
     RMS RR interval error:  32.93 ms
Beat-by-beat comparison results for record 203
Reference annotator: atr
     Test annotator: pred

               Algorithm
        n    s    v    f    q    o    x
   ____________________________________
 N | 2444    0    0    0    0   37    0
 S |    0    0    0    0    0    0    0
 V |    0    0    0    0    0    0    0
 F |    0    0    0    0    0    0    0
 Q |    0    0    0    0    0    0    0
 O |    6    0    0    0    0
 X |    0    0    0    0    0

           QRS sensitivity:  98.51% (2444/2481)
 QRS positive predictivity:  99.76% (2444/2450)
           VEB sensitivity:      -  (0/0)
 VEB positive predictivity:      -  (0/0)
          SVEB sensitivity:      -  (0/0)
SVEB positive predictivity:      -  (0/0)
     RMS RR interval error: 143.53 ms
Beat-by-beat comparison results for record 205
Reference annotator: atr
     Test annotator: pred

               Algorithm
        n    s    v    f    q    o    x
   ____________________________________
 N | 2197    0    0    0    0    4    0
 S |    0    0    0    0    0    0    0
 V |    0    0    0    0    0    0    0
 F |    0    0    0    0    0    0    0
 Q |    0    0    0    0    0    0    0
 O |    0    0    0    0    0
 X |    0    0    0    0    0

           QRS sensitivity:  99.82% (2197/2201)
 QRS positive predictivity: 100.00% (2197/2197)
           VEB sensitivity:      -  (0/0)
 VEB positive predictivity:      -  (0/0)
          SVEB sensitivity:      -  (0/0)
SVEB positive predictivity:      -  (0/0)
     RMS RR interval error:  51.71 ms
Beat-by-beat comparison results for record 207
Reference annotator: atr
     Test annotator: pred

               Algorithm
        n    s    v    f    q    o    x
   ____________________________________
 N | 1589    0    0    0    0    3    0
 S |    0    0    0    0    0    0    0
 V |    0    0    0    0    0    0    0
 F |    0    0    0    0    0    0    0
 Q |    0    0    0    0    0    0    0
 O |   67    0    0    0    0
 X |    0    0    0    0    0

           QRS sensitivity:  99.81% (1589/1592)
 QRS positive predictivity:  95.95% (1589/1656)
           VEB sensitivity:      -  (0/0)
 VEB positive predictivity:      -  (0/0)
          SVEB sensitivity:      -  (0/0)
SVEB positive predictivity:      -  (0/0)
     RMS RR interval error: 19806.97 ms
Beat-by-beat comparison results for record 208
Reference annotator: atr
     Test annotator: pred

               Algorithm
        n    s    v    f    q    o    x
   ____________________________________
 N | 2419    0    0    0    0   18    0
 S |    0    0    0    0    0    0    0
 V |    0    0    0    0    0    0    0
 F |    0    0    0    0    0    0    0
 Q |    0    0    0    0    0    0    0
 O |    1    0    0    0    0
 X |    0    0    0    0    0

           QRS sensitivity:  99.26% (2419/2437)
 QRS positive predictivity:  99.96% (2419/2420)
           VEB sensitivity:      -  (0/0)
 VEB positive predictivity:      -  (0/0)
          SVEB sensitivity:      -  (0/0)
SVEB positive predictivity:      -  (0/0)
     RMS RR interval error: 302.42 ms
Beat-by-beat comparison results for record 209
Reference annotator: atr
     Test annotator: pred

               Algorithm
        n    s    v    f    q    o    x
   ____________________________________
 N | 2519    0    0    0    0    0    0
 S |    0    0    0    0    0    0    0
 V |    0    0    0    0    0    0    0
 F |    0    0    0    0    0    0    0
 Q |    0    0    0    0    0    0    0
 O |    1    0    0    0    0
 X |    0    0    0    0    0

           QRS sensitivity: 100.00% (2519/2519)
 QRS positive predictivity:  99.96% (2519/2520)
           VEB sensitivity:      -  (0/0)
 VEB positive predictivity:      -  (0/0)
          SVEB sensitivity:      -  (0/0)
SVEB positive predictivity:      -  (0/0)
     RMS RR interval error:  10.50 ms
Beat-by-beat comparison results for record 210
Reference annotator: atr
     Test annotator: pred

               Algorithm
        n    s    v    f    q    o    x
   ____________________________________
 N | 2197    0    0    0    0    7    0
 S |    0    0    0    0    0    0    0
 V |    0    0    0    0    0    0    0
 F |    0    0    0    0    0    0    0
 Q |    0    0    0    0    0    0    0
 O |    2    0    0    0    0
 X |    0    0    0    0    0

           QRS sensitivity:  99.68% (2197/2204)
 QRS positive predictivity:  99.91% (2197/2199)
           VEB sensitivity:      -  (0/0)
 VEB positive predictivity:      -  (0/0)
          SVEB sensitivity:      -  (0/0)
SVEB positive predictivity:      -  (0/0)
     RMS RR interval error:  58.84 ms
Beat-by-beat comparison results for record 212
Reference annotator: atr
     Test annotator: pred

               Algorithm
        n    s    v    f    q    o    x
   ____________________________________
 N | 2284    0    0    0    0    1    0
 S |    0    0    0    0    0    0    0
 V |    0    0    0    0    0    0    0
 F |    0    0    0    0    0    0    0
 Q |    0    0    0    0    0    0    0
 O |    0    0    0    0    0
 X |    0    0    0    0    0

           QRS sensitivity:  99.96% (2284/2285)
 QRS positive predictivity: 100.00% (2284/2284)
           VEB sensitivity:      -  (0/0)
 VEB positive predictivity:      -  (0/0)
          SVEB sensitivity:      -  (0/0)
SVEB positive predictivity:      -  (0/0)
     RMS RR interval error:   1.75 ms
Beat-by-beat comparison results for record 213
Reference annotator: atr
     Test annotator: pred

               Algorithm
        n    s    v    f    q    o    x
   ____________________________________
 N | 2698    0    0    0    0    2    0
 S |    0    0    0    0    0    0    0
 V |    0    0    0    0    0    0    0
 F |    0    0    0    0    0    0    0
 Q |    0    0    0    0    0    0    0
 O |    0    0    0    0    0
 X |    0    0    0    0    0

           QRS sensitivity:  99.93% (2698/2700)
 QRS positive predictivity: 100.00% (2698/2698)
           VEB sensitivity:      -  (0/0)
 VEB positive predictivity:      -  (0/0)
          SVEB sensitivity:      -  (0/0)
SVEB positive predictivity:      -  (0/0)
     RMS RR interval error:  18.27 ms
Beat-by-beat comparison results for record 214
Reference annotator: atr
     Test annotator: pred

               Algorithm
        n    s    v    f    q    o    x
   ____________________________________
 N | 1878    0    0    0    0    1    0
 S |    0    0    0    0    0    0    0
 V |    0    0    0    0    0    0    0
 F |    0    0    0    0    0    0    0
 Q |    0    0    0    0    0    0    0
 O |    0    0    0    0    0
 X |    0    0    0    0    0

           QRS sensitivity:  99.95% (1878/1879)
 QRS positive predictivity: 100.00% (1878/1878)
           VEB sensitivity:      -  (0/0)
 VEB positive predictivity:      -  (0/0)
          SVEB sensitivity:      -  (0/0)
SVEB positive predictivity:      -  (0/0)
     RMS RR interval error:  48.33 ms
Beat-by-beat comparison results for record 215
Reference annotator: atr
     Test annotator: pred

               Algorithm
        n    s    v    f    q    o    x
   ____________________________________
 N | 2795    0    0    0    0    0    0
 S |    0    0    0    0    0    0    0
 V |    0    0    0    0    0    0    0
 F |    0    0    0    0    0    0    0
 Q |    0    0    0    0    0    0    0
 O |    0    0    0    0    0
 X |    0    0    0    0    0

           QRS sensitivity: 100.00% (2795/2795)
 QRS positive predictivity: 100.00% (2795/2795)
           VEB sensitivity:      -  (0/0)
 VEB positive predictivity:      -  (0/0)
          SVEB sensitivity:      -  (0/0)
SVEB positive predictivity:      -  (0/0)
     RMS RR interval error:   1.17 ms
Beat-by-beat comparison results for record 219
Reference annotator: atr
     Test annotator: pred

               Algorithm
        n    s    v    f    q    o    x
   ____________________________________
 N | 1773    0    0    0    0    0    0
 S |    0    0    0    0    0    0    0
 V |    0    0    0    0    0    0    0
 F |    0    0    0    0    0    0    0
 Q |    0    0    0    0    0    0    0
 O |    0    0    0    0    0
 X |    0    0    0    0    0

           QRS sensitivity: 100.00% (1773/1773)
 QRS positive predictivity: 100.00% (1773/1773)
           VEB sensitivity:      -  (0/0)
 VEB positive predictivity:      -  (0/0)
          SVEB sensitivity:      -  (0/0)
SVEB positive predictivity:      -  (0/0)
     RMS RR interval error:   4.10 ms
Beat-by-beat comparison results for record 220
Reference annotator: atr
     Test annotator: pred

               Algorithm
        n    s    v    f    q    o    x
   ____________________________________
 N | 1693    0    0    0    0    1    0
 S |    0    0    0    0    0    0    0
 V |    0    0    0    0    0    0    0
 F |    0    0    0    0    0    0    0
 Q |    0    0    0    0    0    0    0
 O |    0    0    0    0    0
 X |    0    0    0    0    0

           QRS sensitivity:  99.94% (1693/1694)
 QRS positive predictivity: 100.00% (1693/1693)
           VEB sensitivity:      -  (0/0)
 VEB positive predictivity:      -  (0/0)
          SVEB sensitivity:      -  (0/0)
SVEB positive predictivity:      -  (0/0)
     RMS RR interval error:   1.25 ms
Beat-by-beat comparison results for record 221
Reference annotator: atr
     Test annotator: pred

               Algorithm
        n    s    v    f    q    o    x
   ____________________________________
 N | 2019    0    0    0    0    1    0
 S |    0    0    0    0    0    0    0
 V |    0    0    0    0    0    0    0
 F |    0    0    0    0    0    0    0
 Q |    0    0    0    0    0    0    0
 O |    0    0    0    0    0
 X |    0    0    0    0    0

           QRS sensitivity:  99.95% (2019/2020)
 QRS positive predictivity: 100.00% (2019/2019)
           VEB sensitivity:      -  (0/0)
 VEB positive predictivity:      -  (0/0)
          SVEB sensitivity:      -  (0/0)
SVEB positive predictivity:      -  (0/0)
     RMS RR interval error:  26.33 ms
Beat-by-beat comparison results for record 222
Reference annotator: atr
     Test annotator: pred

               Algorithm
        n    s    v    f    q    o    x
   ____________________________________
 N | 2106    0    0    0    0   10    0
 S |    0    0    0    0    0    0    0
 V |    0    0    0    0    0    0    0
 F |    0    0    0    0    0    0    0
 Q |    0    0    0    0    0    0    0
 O |    3    0    0    0    0
 X |    0    0    0    0    0

           QRS sensitivity:  99.53% (2106/2116)
 QRS positive predictivity:  99.86% (2106/2109)
           VEB sensitivity:      -  (0/0)
 VEB positive predictivity:      -  (0/0)
          SVEB sensitivity:      -  (0/0)
SVEB positive predictivity:      -  (0/0)
     RMS RR interval error:  53.82 ms
Beat-by-beat comparison results for record 223
Reference annotator: atr
     Test annotator: pred

               Algorithm
        n    s    v    f    q    o    x
   ____________________________________
 N | 2197    0    0    0    0    2    0
 S |    0    0    0    0    0    0    0
 V |    0    0    0    0    0    0    0
 F |    0    0    0    0    0    0    0
 Q |    0    0    0    0    0    0    0
 O |    0    0    0    0    0
 X |    0    0    0    0    0

           QRS sensitivity:  99.91% (2197/2199)
 QRS positive predictivity: 100.00% (2197/2197)
           VEB sensitivity:      -  (0/0)
 VEB positive predictivity:      -  (0/0)
          SVEB sensitivity:      -  (0/0)
SVEB positive predictivity:      -  (0/0)
     RMS RR interval error:  50.98 ms
Beat-by-beat comparison results for record 228
Reference annotator: atr
     Test annotator: pred

               Algorithm
        n    s    v    f    q    o    x
   ____________________________________
 N | 1686    0    0    0    0   17    0
 S |    0    0    0    0    0    0    0
 V |    0    0    0    0    0    0    0
 F |    0    0    0    0    0    0    0
 Q |    0    0    0    0    0    0    0
 O |    8    0    0    0    0
 X |    0    0    0    0    0

           QRS sensitivity:  99.00% (1686/1703)
 QRS positive predictivity:  99.53% (1686/1694)
           VEB sensitivity:      -  (0/0)
 VEB positive predictivity:      -  (0/0)
          SVEB sensitivity:      -  (0/0)
SVEB positive predictivity:      -  (0/0)
     RMS RR interval error: 170.21 ms
Beat-by-beat comparison results for record 230
Reference annotator: atr
     Test annotator: pred

               Algorithm
        n    s    v    f    q    o    x
   ____________________________________
 N | 1859    0    0    0    0    0    0
 S |    0    0    0    0    0    0    0
 V |    0    0    0    0    0    0    0
 F |    0    0    0    0    0    0    0
 Q |    0    0    0    0    0    0    0
 O |    0    0    0    0    0
 X |    0    0    0    0    0

           QRS sensitivity: 100.00% (1859/1859)
 QRS positive predictivity: 100.00% (1859/1859)
           VEB sensitivity:      -  (0/0)
 VEB positive predictivity:      -  (0/0)
          SVEB sensitivity:      -  (0/0)
SVEB positive predictivity:      -  (0/0)
     RMS RR interval error:   1.09 ms
Beat-by-beat comparison results for record 231
Reference annotator: atr
     Test annotator: pred

               Algorithm
        n    s    v    f    q    o    x
   ____________________________________
 N | 1278    0    0    0    0    0    0
 S |    0    0    0    0    0    0    0
 V |    0    0    0    0    0    0    0
 F |    0    0    0    0    0    0    0
 Q |    0    0    0    0    0    0    0
 O |    0    0    0    0    0
 X |    0    0    0    0    0

           QRS sensitivity: 100.00% (1278/1278)
 QRS positive predictivity: 100.00% (1278/1278)
           VEB sensitivity:      -  (0/0)
 VEB positive predictivity:      -  (0/0)
          SVEB sensitivity:      -  (0/0)
SVEB positive predictivity:      -  (0/0)
     RMS RR interval error:   2.47 ms
Beat-by-beat comparison results for record 232
Reference annotator: atr
     Test annotator: pred

               Algorithm
        n    s    v    f    q    o    x
   ____________________________________
 N | 1485    0    0    0    0    0    0
 S |    0    0    0    0    0    0    0
 V |    0    0    0    0    0    0    0
 F |    0    0    0    0    0    0    0
 Q |    0    0    0    0    0    0    0
 O |    7    0    0    0    0
 X |    0    0    0    0    0

           QRS sensitivity: 100.00% (1485/1485)
 QRS positive predictivity:  99.53% (1485/1492)
           VEB sensitivity:      -  (0/0)
 VEB positive predictivity:      -  (0/0)
          SVEB sensitivity:      -  (0/0)
SVEB positive predictivity:      -  (0/0)
     RMS RR interval error:  76.67 ms
Beat-by-beat comparison results for record 233
Reference annotator: atr
     Test annotator: pred

               Algorithm
        n    s    v    f    q    o    x
   ____________________________________
 N | 2559    0    0    0    0    2    0
 S |    0    0    0    0    0    0    0
 V |    0    0    0    0    0    0    0
 F |    0    0    0    0    0    0    0
 Q |    0    0    0    0    0    0    0
 O |    0    0    0    0    0
 X |    0    0    0    0    0

           QRS sensitivity:  99.92% (2559/2561)
 QRS positive predictivity: 100.00% (2559/2559)
           VEB sensitivity:      -  (0/0)
 VEB positive predictivity:      -  (0/0)
          SVEB sensitivity:      -  (0/0)
SVEB positive predictivity:      -  (0/0)
     RMS RR interval error:  17.70 ms
Beat-by-beat comparison results for record 234
Reference annotator: atr
     Test annotator: pred

               Algorithm
        n    s    v    f    q    o    x
   ____________________________________
 N | 2291    0    0    0    0    0    0
 S |    0    0    0    0    0    0    0
 V |    0    0    0    0    0    0    0
 F |    0    0    0    0    0    0    0
 Q |    0    0    0    0    0    0    0
 O |    0    0    0    0    0
 X |    0    0    0    0    0

           QRS sensitivity: 100.00% (2291/2291)
 QRS positive predictivity: 100.00% (2291/2291)
           VEB sensitivity:      -  (0/0)
 VEB positive predictivity:      -  (0/0)
          SVEB sensitivity:      -  (0/0)
SVEB positive predictivity:      -  (0/0)
     RMS RR interval error:   2.05 ms
